2016/08/20 18:03:43 [error] [exception.CHttpException.404] exception 'CHttpException' with message 'Unable to resolve the request "admin/admin".' in E:\TMA\Project\framework\web\CWebApplication.php:286
Stack trace:
#0 E:\TMA\Project\framework\web\CWebApplication.php(141): CWebApplication->runController('admin/admin')
#1 E:\TMA\Project\framework\base\CApplication.php(185): CWebApplication->processRequest()
#2 E:\TMA\Project\webshop\index.php(13): CApplication->run()
#3 {main}
REQUEST_URI=/index.php?r=admin/admin
---
2016/08/20 18:19:16 [error] [exception.CException] exception 'CException' with message 'Alias "shop.ShopModule" is invalid. Make sure it points to an existing PHP file and the file is readable.' in E:\TMA\Project\framework\YiiBase.php:323
Stack trace:
#0 E:\TMA\Project\framework\YiiBase.php(196): YiiBase::import('shop.ShopModule', true)
#1 E:\TMA\Project\framework\base\CModule.php(282): YiiBase::createComponent('shop.ShopModule', 'shop', NULL, Array)
#2 E:\TMA\Project\framework\web\CWebApplication.php(337): CModule->getModule('shop')
#3 E:\TMA\Project\framework\web\CWebApplication.php(276): CWebApplication->createController('')
#4 E:\TMA\Project\framework\web\CWebApplication.php(141): CWebApplication->runController('')
#5 E:\TMA\Project\framework\base\CApplication.php(185): CWebApplication->processRequest()
#6 E:\TMA\Project\webshop\index.php(13): CApplication->run()
#7 {main}
REQUEST_URI=/
---
2016/08/20 18:19:17 [error] [exception.CException] exception 'CException' with message 'Alias "shop.ShopModule" is invalid. Make sure it points to an existing PHP file and the file is readable.' in E:\TMA\Project\framework\YiiBase.php:323
Stack trace:
#0 E:\TMA\Project\framework\YiiBase.php(196): YiiBase::import('shop.ShopModule', true)
#1 E:\TMA\Project\framework\base\CModule.php(282): YiiBase::createComponent('shop.ShopModule', 'shop', NULL, Array)
#2 E:\TMA\Project\framework\web\CWebApplication.php(337): CModule->getModule('shop')
#3 E:\TMA\Project\framework\web\CWebApplication.php(276): CWebApplication->createController('')
#4 E:\TMA\Project\framework\web\CWebApplication.php(141): CWebApplication->runController('')
#5 E:\TMA\Project\framework\base\CApplication.php(185): CWebApplication->processRequest()
#6 E:\TMA\Project\webshop\index.php(13): CApplication->run()
#7 {main}
REQUEST_URI=/
---
2016/08/20 18:19:17 [error] [exception.CException] exception 'CException' with message 'Alias "shop.ShopModule" is invalid. Make sure it points to an existing PHP file and the file is readable.' in E:\TMA\Project\framework\YiiBase.php:323
Stack trace:
#0 E:\TMA\Project\framework\YiiBase.php(196): YiiBase::import('shop.ShopModule', true)
#1 E:\TMA\Project\framework\base\CModule.php(282): YiiBase::createComponent('shop.ShopModule', 'shop', NULL, Array)
#2 E:\TMA\Project\framework\web\CWebApplication.php(337): CModule->getModule('shop')
#3 E:\TMA\Project\framework\web\CWebApplication.php(276): CWebApplication->createController('')
#4 E:\TMA\Project\framework\web\CWebApplication.php(141): CWebApplication->runController('')
#5 E:\TMA\Project\framework\base\CApplication.php(185): CWebApplication->processRequest()
#6 E:\TMA\Project\webshop\index.php(13): CApplication->run()
#7 {main}
REQUEST_URI=/
---
2016/08/20 18:19:48 [error] [exception.CDbException] exception 'CDbException' with message 'The table "shop_products" for active record class "Products" cannot be found in the database.' in E:\TMA\Project\framework\db\ar\CActiveRecord.php:2387
Stack trace:
#0 E:\TMA\Project\framework\db\ar\CActiveRecord.php(411): CActiveRecordMetaData->__construct(Object(Products))
#1 E:\TMA\Project\framework\db\ar\CActiveRecord.php(661): CActiveRecord->getMetaData()
#2 E:\TMA\Project\framework\db\ar\CActiveRecord.php(1606): CActiveRecord->getTableSchema()
#3 E:\TMA\Project\framework\web\CActiveDataProvider.php(228): CActiveRecord->count(Object(CDbCriteria))
#4 E:\TMA\Project\framework\web\CDataProvider.php(224): CActiveDataProvider->calculateTotalItemCount()
#5 E:\TMA\Project\framework\web\CActiveDataProvider.php(178): CDataProvider->getTotalItemCount()
#6 E:\TMA\Project\framework\web\CDataProvider.php(168): CActiveDataProvider->fetchData()
#7 E:\TMA\Project\framework\zii\widgets\CBaseListView.php(125): CDataProvider->getData()
#8 E:\TMA\Project\framework\zii\widgets\CListView.php(211): CBaseListView->init()
#9 E:\TMA\Project\framework\web\CBaseController.php(147): CListView->init()
#10 E:\TMA\Project\framework\web\CBaseController.php(180): CBaseController->createWidget('zii.widgets.CLi...', Array)
#11 E:\TMA\Project\webshop\protected\modules\shop\views\products\index.php(13): CBaseController->widget('zii.widgets.CLi...', Array)
#12 E:\TMA\Project\framework\web\CBaseController.php(126): require('E:\\TMA\\Project\\...')
#13 E:\TMA\Project\framework\web\CBaseController.php(95): CBaseController->renderInternal('E:\\TMA\\Project\\...', Array, true)
#14 E:\TMA\Project\framework\web\CController.php(869): CBaseController->renderFile('E:\\TMA\\Project\\...', Array, true)
#15 E:\TMA\Project\framework\web\CController.php(782): CController->renderPartial('index', Array, true)
#16 E:\TMA\Project\webshop\protected\modules\shop\controllers\ProductsController.php(119): CController->render('index', Array)
#17 E:\TMA\Project\framework\web\actions\CInlineAction.php(49): ProductsController->actionIndex()
#18 E:\TMA\Project\framework\web\CController.php(308): CInlineAction->runWithParams(Array)
#19 E:\TMA\Project\framework\web\filters\CFilterChain.php(133): CController->runAction(Object(CInlineAction))
#20 E:\TMA\Project\framework\web\filters\CFilter.php(40): CFilterChain->run()
#21 E:\TMA\Project\framework\web\CController.php(1145): CFilter->filter(Object(CFilterChain))
#22 E:\TMA\Project\framework\web\filters\CInlineFilter.php(58): CController->filterAccessControl(Object(CFilterChain))
#23 E:\TMA\Project\framework\web\filters\CFilterChain.php(130): CInlineFilter->filter(Object(CFilterChain))
#24 E:\TMA\Project\framework\web\CController.php(291): CFilterChain->run()
#25 E:\TMA\Project\framework\web\CController.php(265): CController->runActionWithFilters(Object(CInlineAction), Array)
#26 E:\TMA\Project\framework\web\CWebApplication.php(282): CController->run('index')
#27 E:\TMA\Project\framework\web\CWebApplication.php(141): CWebApplication->runController('')
#28 E:\TMA\Project\framework\base\CApplication.php(185): CWebApplication->processRequest()
#29 E:\TMA\Project\webshop\index.php(13): CApplication->run()
#30 {main}
REQUEST_URI=/
---
2016/08/20 18:19:48 [error] [exception.CDbException] exception 'CDbException' with message 'The table "shop_products" for active record class "Products" cannot be found in the database.' in E:\TMA\Project\framework\db\ar\CActiveRecord.php:2387
Stack trace:
#0 E:\TMA\Project\framework\db\ar\CActiveRecord.php(411): CActiveRecordMetaData->__construct(Object(Products))
#1 E:\TMA\Project\framework\db\ar\CActiveRecord.php(661): CActiveRecord->getMetaData()
#2 E:\TMA\Project\framework\db\ar\CActiveRecord.php(1606): CActiveRecord->getTableSchema()
#3 E:\TMA\Project\framework\web\CActiveDataProvider.php(228): CActiveRecord->count(Object(CDbCriteria))
#4 E:\TMA\Project\framework\web\CDataProvider.php(224): CActiveDataProvider->calculateTotalItemCount()
#5 E:\TMA\Project\framework\web\CActiveDataProvider.php(178): CDataProvider->getTotalItemCount()
#6 E:\TMA\Project\framework\web\CDataProvider.php(168): CActiveDataProvider->fetchData()
#7 E:\TMA\Project\framework\zii\widgets\CBaseListView.php(125): CDataProvider->getData()
#8 E:\TMA\Project\framework\zii\widgets\CListView.php(211): CBaseListView->init()
#9 E:\TMA\Project\framework\web\CBaseController.php(147): CListView->init()
#10 E:\TMA\Project\framework\web\CBaseController.php(180): CBaseController->createWidget('zii.widgets.CLi...', Array)
#11 E:\TMA\Project\webshop\protected\modules\shop\views\products\index.php(13): CBaseController->widget('zii.widgets.CLi...', Array)
#12 E:\TMA\Project\framework\web\CBaseController.php(126): require('E:\\TMA\\Project\\...')
#13 E:\TMA\Project\framework\web\CBaseController.php(95): CBaseController->renderInternal('E:\\TMA\\Project\\...', Array, true)
#14 E:\TMA\Project\framework\web\CController.php(869): CBaseController->renderFile('E:\\TMA\\Project\\...', Array, true)
#15 E:\TMA\Project\framework\web\CController.php(782): CController->renderPartial('index', Array, true)
#16 E:\TMA\Project\webshop\protected\modules\shop\controllers\ProductsController.php(119): CController->render('index', Array)
#17 E:\TMA\Project\framework\web\actions\CInlineAction.php(49): ProductsController->actionIndex()
#18 E:\TMA\Project\framework\web\CController.php(308): CInlineAction->runWithParams(Array)
#19 E:\TMA\Project\framework\web\filters\CFilterChain.php(133): CController->runAction(Object(CInlineAction))
#20 E:\TMA\Project\framework\web\filters\CFilter.php(40): CFilterChain->run()
#21 E:\TMA\Project\framework\web\CController.php(1145): CFilter->filter(Object(CFilterChain))
#22 E:\TMA\Project\framework\web\filters\CInlineFilter.php(58): CController->filterAccessControl(Object(CFilterChain))
#23 E:\TMA\Project\framework\web\filters\CFilterChain.php(130): CInlineFilter->filter(Object(CFilterChain))
#24 E:\TMA\Project\framework\web\CController.php(291): CFilterChain->run()
#25 E:\TMA\Project\framework\web\CController.php(265): CController->runActionWithFilters(Object(CInlineAction), Array)
#26 E:\TMA\Project\framework\web\CWebApplication.php(282): CController->run('index')
#27 E:\TMA\Project\framework\web\CWebApplication.php(141): CWebApplication->runController('')
#28 E:\TMA\Project\framework\base\CApplication.php(185): CWebApplication->processRequest()
#29 E:\TMA\Project\webshop\index.php(13): CApplication->run()
#30 {main}
REQUEST_URI=/
---
2016/08/20 18:19:48 [error] [exception.CDbException] exception 'CDbException' with message 'The table "shop_products" for active record class "Products" cannot be found in the database.' in E:\TMA\Project\framework\db\ar\CActiveRecord.php:2387
Stack trace:
#0 E:\TMA\Project\framework\db\ar\CActiveRecord.php(411): CActiveRecordMetaData->__construct(Object(Products))
#1 E:\TMA\Project\framework\db\ar\CActiveRecord.php(661): CActiveRecord->getMetaData()
#2 E:\TMA\Project\framework\db\ar\CActiveRecord.php(1606): CActiveRecord->getTableSchema()
#3 E:\TMA\Project\framework\web\CActiveDataProvider.php(228): CActiveRecord->count(Object(CDbCriteria))
#4 E:\TMA\Project\framework\web\CDataProvider.php(224): CActiveDataProvider->calculateTotalItemCount()
#5 E:\TMA\Project\framework\web\CActiveDataProvider.php(178): CDataProvider->getTotalItemCount()
#6 E:\TMA\Project\framework\web\CDataProvider.php(168): CActiveDataProvider->fetchData()
#7 E:\TMA\Project\framework\zii\widgets\CBaseListView.php(125): CDataProvider->getData()
#8 E:\TMA\Project\framework\zii\widgets\CListView.php(211): CBaseListView->init()
#9 E:\TMA\Project\framework\web\CBaseController.php(147): CListView->init()
#10 E:\TMA\Project\framework\web\CBaseController.php(180): CBaseController->createWidget('zii.widgets.CLi...', Array)
#11 E:\TMA\Project\webshop\protected\modules\shop\views\products\index.php(13): CBaseController->widget('zii.widgets.CLi...', Array)
#12 E:\TMA\Project\framework\web\CBaseController.php(126): require('E:\\TMA\\Project\\...')
#13 E:\TMA\Project\framework\web\CBaseController.php(95): CBaseController->renderInternal('E:\\TMA\\Project\\...', Array, true)
#14 E:\TMA\Project\framework\web\CController.php(869): CBaseController->renderFile('E:\\TMA\\Project\\...', Array, true)
#15 E:\TMA\Project\framework\web\CController.php(782): CController->renderPartial('index', Array, true)
#16 E:\TMA\Project\webshop\protected\modules\shop\controllers\ProductsController.php(119): CController->render('index', Array)
#17 E:\TMA\Project\framework\web\actions\CInlineAction.php(49): ProductsController->actionIndex()
#18 E:\TMA\Project\framework\web\CController.php(308): CInlineAction->runWithParams(Array)
#19 E:\TMA\Project\framework\web\filters\CFilterChain.php(133): CController->runAction(Object(CInlineAction))
#20 E:\TMA\Project\framework\web\filters\CFilter.php(40): CFilterChain->run()
#21 E:\TMA\Project\framework\web\CController.php(1145): CFilter->filter(Object(CFilterChain))
#22 E:\TMA\Project\framework\web\filters\CInlineFilter.php(58): CController->filterAccessControl(Object(CFilterChain))
#23 E:\TMA\Project\framework\web\filters\CFilterChain.php(130): CInlineFilter->filter(Object(CFilterChain))
#24 E:\TMA\Project\framework\web\CController.php(291): CFilterChain->run()
#25 E:\TMA\Project\framework\web\CController.php(265): CController->runActionWithFilters(Object(CInlineAction), Array)
#26 E:\TMA\Project\framework\web\CWebApplication.php(282): CController->run('index')
#27 E:\TMA\Project\framework\web\CWebApplication.php(141): CWebApplication->runController('')
#28 E:\TMA\Project\framework\base\CApplication.php(185): CWebApplication->processRequest()
#29 E:\TMA\Project\webshop\index.php(13): CApplication->run()
#30 {main}
REQUEST_URI=/
---
2016/08/20 18:19:49 [error] [exception.CDbException] exception 'CDbException' with message 'The table "shop_products" for active record class "Products" cannot be found in the database.' in E:\TMA\Project\framework\db\ar\CActiveRecord.php:2387
Stack trace:
#0 E:\TMA\Project\framework\db\ar\CActiveRecord.php(411): CActiveRecordMetaData->__construct(Object(Products))
#1 E:\TMA\Project\framework\db\ar\CActiveRecord.php(661): CActiveRecord->getMetaData()
#2 E:\TMA\Project\framework\db\ar\CActiveRecord.php(1606): CActiveRecord->getTableSchema()
#3 E:\TMA\Project\framework\web\CActiveDataProvider.php(228): CActiveRecord->count(Object(CDbCriteria))
#4 E:\TMA\Project\framework\web\CDataProvider.php(224): CActiveDataProvider->calculateTotalItemCount()
#5 E:\TMA\Project\framework\web\CActiveDataProvider.php(178): CDataProvider->getTotalItemCount()
#6 E:\TMA\Project\framework\web\CDataProvider.php(168): CActiveDataProvider->fetchData()
#7 E:\TMA\Project\framework\zii\widgets\CBaseListView.php(125): CDataProvider->getData()
#8 E:\TMA\Project\framework\zii\widgets\CListView.php(211): CBaseListView->init()
#9 E:\TMA\Project\framework\web\CBaseController.php(147): CListView->init()
#10 E:\TMA\Project\framework\web\CBaseController.php(180): CBaseController->createWidget('zii.widgets.CLi...', Array)
#11 E:\TMA\Project\webshop\protected\modules\shop\views\products\index.php(13): CBaseController->widget('zii.widgets.CLi...', Array)
#12 E:\TMA\Project\framework\web\CBaseController.php(126): require('E:\\TMA\\Project\\...')
#13 E:\TMA\Project\framework\web\CBaseController.php(95): CBaseController->renderInternal('E:\\TMA\\Project\\...', Array, true)
#14 E:\TMA\Project\framework\web\CController.php(869): CBaseController->renderFile('E:\\TMA\\Project\\...', Array, true)
#15 E:\TMA\Project\framework\web\CController.php(782): CController->renderPartial('index', Array, true)
#16 E:\TMA\Project\webshop\protected\modules\shop\controllers\ProductsController.php(119): CController->render('index', Array)
#17 E:\TMA\Project\framework\web\actions\CInlineAction.php(49): ProductsController->actionIndex()
#18 E:\TMA\Project\framework\web\CController.php(308): CInlineAction->runWithParams(Array)
#19 E:\TMA\Project\framework\web\filters\CFilterChain.php(133): CController->runAction(Object(CInlineAction))
#20 E:\TMA\Project\framework\web\filters\CFilter.php(40): CFilterChain->run()
#21 E:\TMA\Project\framework\web\CController.php(1145): CFilter->filter(Object(CFilterChain))
#22 E:\TMA\Project\framework\web\filters\CInlineFilter.php(58): CController->filterAccessControl(Object(CFilterChain))
#23 E:\TMA\Project\framework\web\filters\CFilterChain.php(130): CInlineFilter->filter(Object(CFilterChain))
#24 E:\TMA\Project\framework\web\CController.php(291): CFilterChain->run()
#25 E:\TMA\Project\framework\web\CController.php(265): CController->runActionWithFilters(Object(CInlineAction), Array)
#26 E:\TMA\Project\framework\web\CWebApplication.php(282): CController->run('index')
#27 E:\TMA\Project\framework\web\CWebApplication.php(141): CWebApplication->runController('')
#28 E:\TMA\Project\framework\base\CApplication.php(185): CWebApplication->processRequest()
#29 E:\TMA\Project\webshop\index.php(13): CApplication->run()
#30 {main}
REQUEST_URI=/
---
2016/08/20 18:19:49 [error] [exception.CDbException] exception 'CDbException' with message 'The table "shop_products" for active record class "Products" cannot be found in the database.' in E:\TMA\Project\framework\db\ar\CActiveRecord.php:2387
Stack trace:
#0 E:\TMA\Project\framework\db\ar\CActiveRecord.php(411): CActiveRecordMetaData->__construct(Object(Products))
#1 E:\TMA\Project\framework\db\ar\CActiveRecord.php(661): CActiveRecord->getMetaData()
#2 E:\TMA\Project\framework\db\ar\CActiveRecord.php(1606): CActiveRecord->getTableSchema()
#3 E:\TMA\Project\framework\web\CActiveDataProvider.php(228): CActiveRecord->count(Object(CDbCriteria))
#4 E:\TMA\Project\framework\web\CDataProvider.php(224): CActiveDataProvider->calculateTotalItemCount()
#5 E:\TMA\Project\framework\web\CActiveDataProvider.php(178): CDataProvider->getTotalItemCount()
#6 E:\TMA\Project\framework\web\CDataProvider.php(168): CActiveDataProvider->fetchData()
#7 E:\TMA\Project\framework\zii\widgets\CBaseListView.php(125): CDataProvider->getData()
#8 E:\TMA\Project\framework\zii\widgets\CListView.php(211): CBaseListView->init()
#9 E:\TMA\Project\framework\web\CBaseController.php(147): CListView->init()
#10 E:\TMA\Project\framework\web\CBaseController.php(180): CBaseController->createWidget('zii.widgets.CLi...', Array)
#11 E:\TMA\Project\webshop\protected\modules\shop\views\products\index.php(13): CBaseController->widget('zii.widgets.CLi...', Array)
#12 E:\TMA\Project\framework\web\CBaseController.php(126): require('E:\\TMA\\Project\\...')
#13 E:\TMA\Project\framework\web\CBaseController.php(95): CBaseController->renderInternal('E:\\TMA\\Project\\...', Array, true)
#14 E:\TMA\Project\framework\web\CController.php(869): CBaseController->renderFile('E:\\TMA\\Project\\...', Array, true)
#15 E:\TMA\Project\framework\web\CController.php(782): CController->renderPartial('index', Array, true)
#16 E:\TMA\Project\webshop\protected\modules\shop\controllers\ProductsController.php(119): CController->render('index', Array)
#17 E:\TMA\Project\framework\web\actions\CInlineAction.php(49): ProductsController->actionIndex()
#18 E:\TMA\Project\framework\web\CController.php(308): CInlineAction->runWithParams(Array)
#19 E:\TMA\Project\framework\web\filters\CFilterChain.php(133): CController->runAction(Object(CInlineAction))
#20 E:\TMA\Project\framework\web\filters\CFilter.php(40): CFilterChain->run()
#21 E:\TMA\Project\framework\web\CController.php(1145): CFilter->filter(Object(CFilterChain))
#22 E:\TMA\Project\framework\web\filters\CInlineFilter.php(58): CController->filterAccessControl(Object(CFilterChain))
#23 E:\TMA\Project\framework\web\filters\CFilterChain.php(130): CInlineFilter->filter(Object(CFilterChain))
#24 E:\TMA\Project\framework\web\CController.php(291): CFilterChain->run()
#25 E:\TMA\Project\framework\web\CController.php(265): CController->runActionWithFilters(Object(CInlineAction), Array)
#26 E:\TMA\Project\framework\web\CWebApplication.php(282): CController->run('index')
#27 E:\TMA\Project\framework\web\CWebApplication.php(141): CWebApplication->runController('')
#28 E:\TMA\Project\framework\base\CApplication.php(185): CWebApplication->processRequest()
#29 E:\TMA\Project\webshop\index.php(13): CApplication->run()
#30 {main}
REQUEST_URI=/
---
2016/08/20 18:19:49 [error] [exception.CDbException] exception 'CDbException' with message 'The table "shop_products" for active record class "Products" cannot be found in the database.' in E:\TMA\Project\framework\db\ar\CActiveRecord.php:2387
Stack trace:
#0 E:\TMA\Project\framework\db\ar\CActiveRecord.php(411): CActiveRecordMetaData->__construct(Object(Products))
#1 E:\TMA\Project\framework\db\ar\CActiveRecord.php(661): CActiveRecord->getMetaData()
#2 E:\TMA\Project\framework\db\ar\CActiveRecord.php(1606): CActiveRecord->getTableSchema()
#3 E:\TMA\Project\framework\web\CActiveDataProvider.php(228): CActiveRecord->count(Object(CDbCriteria))
#4 E:\TMA\Project\framework\web\CDataProvider.php(224): CActiveDataProvider->calculateTotalItemCount()
#5 E:\TMA\Project\framework\web\CActiveDataProvider.php(178): CDataProvider->getTotalItemCount()
#6 E:\TMA\Project\framework\web\CDataProvider.php(168): CActiveDataProvider->fetchData()
#7 E:\TMA\Project\framework\zii\widgets\CBaseListView.php(125): CDataProvider->getData()
#8 E:\TMA\Project\framework\zii\widgets\CListView.php(211): CBaseListView->init()
#9 E:\TMA\Project\framework\web\CBaseController.php(147): CListView->init()
#10 E:\TMA\Project\framework\web\CBaseController.php(180): CBaseController->createWidget('zii.widgets.CLi...', Array)
#11 E:\TMA\Project\webshop\protected\modules\shop\views\products\index.php(13): CBaseController->widget('zii.widgets.CLi...', Array)
#12 E:\TMA\Project\framework\web\CBaseController.php(126): require('E:\\TMA\\Project\\...')
#13 E:\TMA\Project\framework\web\CBaseController.php(95): CBaseController->renderInternal('E:\\TMA\\Project\\...', Array, true)
#14 E:\TMA\Project\framework\web\CController.php(869): CBaseController->renderFile('E:\\TMA\\Project\\...', Array, true)
#15 E:\TMA\Project\framework\web\CController.php(782): CController->renderPartial('index', Array, true)
#16 E:\TMA\Project\webshop\protected\modules\shop\controllers\ProductsController.php(119): CController->render('index', Array)
#17 E:\TMA\Project\framework\web\actions\CInlineAction.php(49): ProductsController->actionIndex()
#18 E:\TMA\Project\framework\web\CController.php(308): CInlineAction->runWithParams(Array)
#19 E:\TMA\Project\framework\web\filters\CFilterChain.php(133): CController->runAction(Object(CInlineAction))
#20 E:\TMA\Project\framework\web\filters\CFilter.php(40): CFilterChain->run()
#21 E:\TMA\Project\framework\web\CController.php(1145): CFilter->filter(Object(CFilterChain))
#22 E:\TMA\Project\framework\web\filters\CInlineFilter.php(58): CController->filterAccessControl(Object(CFilterChain))
#23 E:\TMA\Project\framework\web\filters\CFilterChain.php(130): CInlineFilter->filter(Object(CFilterChain))
#24 E:\TMA\Project\framework\web\CController.php(291): CFilterChain->run()
#25 E:\TMA\Project\framework\web\CController.php(265): CController->runActionWithFilters(Object(CInlineAction), Array)
#26 E:\TMA\Project\framework\web\CWebApplication.php(282): CController->run('index')
#27 E:\TMA\Project\framework\web\CWebApplication.php(141): CWebApplication->runController('')
#28 E:\TMA\Project\framework\base\CApplication.php(185): CWebApplication->processRequest()
#29 E:\TMA\Project\webshop\index.php(13): CApplication->run()
#30 {main}
REQUEST_URI=/
---
2016/08/20 18:19:49 [error] [exception.CDbException] exception 'CDbException' with message 'The table "shop_products" for active record class "Products" cannot be found in the database.' in E:\TMA\Project\framework\db\ar\CActiveRecord.php:2387
Stack trace:
#0 E:\TMA\Project\framework\db\ar\CActiveRecord.php(411): CActiveRecordMetaData->__construct(Object(Products))
#1 E:\TMA\Project\framework\db\ar\CActiveRecord.php(661): CActiveRecord->getMetaData()
#2 E:\TMA\Project\framework\db\ar\CActiveRecord.php(1606): CActiveRecord->getTableSchema()
#3 E:\TMA\Project\framework\web\CActiveDataProvider.php(228): CActiveRecord->count(Object(CDbCriteria))
#4 E:\TMA\Project\framework\web\CDataProvider.php(224): CActiveDataProvider->calculateTotalItemCount()
#5 E:\TMA\Project\framework\web\CActiveDataProvider.php(178): CDataProvider->getTotalItemCount()
#6 E:\TMA\Project\framework\web\CDataProvider.php(168): CActiveDataProvider->fetchData()
#7 E:\TMA\Project\framework\zii\widgets\CBaseListView.php(125): CDataProvider->getData()
#8 E:\TMA\Project\framework\zii\widgets\CListView.php(211): CBaseListView->init()
#9 E:\TMA\Project\framework\web\CBaseController.php(147): CListView->init()
#10 E:\TMA\Project\framework\web\CBaseController.php(180): CBaseController->createWidget('zii.widgets.CLi...', Array)
#11 E:\TMA\Project\webshop\protected\modules\shop\views\products\index.php(13): CBaseController->widget('zii.widgets.CLi...', Array)
#12 E:\TMA\Project\framework\web\CBaseController.php(126): require('E:\\TMA\\Project\\...')
#13 E:\TMA\Project\framework\web\CBaseController.php(95): CBaseController->renderInternal('E:\\TMA\\Project\\...', Array, true)
#14 E:\TMA\Project\framework\web\CController.php(869): CBaseController->renderFile('E:\\TMA\\Project\\...', Array, true)
#15 E:\TMA\Project\framework\web\CController.php(782): CController->renderPartial('index', Array, true)
#16 E:\TMA\Project\webshop\protected\modules\shop\controllers\ProductsController.php(119): CController->render('index', Array)
#17 E:\TMA\Project\framework\web\actions\CInlineAction.php(49): ProductsController->actionIndex()
#18 E:\TMA\Project\framework\web\CController.php(308): CInlineAction->runWithParams(Array)
#19 E:\TMA\Project\framework\web\filters\CFilterChain.php(133): CController->runAction(Object(CInlineAction))
#20 E:\TMA\Project\framework\web\filters\CFilter.php(40): CFilterChain->run()
#21 E:\TMA\Project\framework\web\CController.php(1145): CFilter->filter(Object(CFilterChain))
#22 E:\TMA\Project\framework\web\filters\CInlineFilter.php(58): CController->filterAccessControl(Object(CFilterChain))
#23 E:\TMA\Project\framework\web\filters\CFilterChain.php(130): CInlineFilter->filter(Object(CFilterChain))
#24 E:\TMA\Project\framework\web\CController.php(291): CFilterChain->run()
#25 E:\TMA\Project\framework\web\CController.php(265): CController->runActionWithFilters(Object(CInlineAction), Array)
#26 E:\TMA\Project\framework\web\CWebApplication.php(282): CController->run('index')
#27 E:\TMA\Project\framework\web\CWebApplication.php(141): CWebApplication->runController('')
#28 E:\TMA\Project\framework\base\CApplication.php(185): CWebApplication->processRequest()
#29 E:\TMA\Project\webshop\index.php(13): CApplication->run()
#30 {main}
REQUEST_URI=/
---
2016/08/20 18:19:50 [error] [exception.CDbException] exception 'CDbException' with message 'The table "shop_products" for active record class "Products" cannot be found in the database.' in E:\TMA\Project\framework\db\ar\CActiveRecord.php:2387
Stack trace:
#0 E:\TMA\Project\framework\db\ar\CActiveRecord.php(411): CActiveRecordMetaData->__construct(Object(Products))
#1 E:\TMA\Project\framework\db\ar\CActiveRecord.php(661): CActiveRecord->getMetaData()
#2 E:\TMA\Project\framework\db\ar\CActiveRecord.php(1606): CActiveRecord->getTableSchema()
#3 E:\TMA\Project\framework\web\CActiveDataProvider.php(228): CActiveRecord->count(Object(CDbCriteria))
#4 E:\TMA\Project\framework\web\CDataProvider.php(224): CActiveDataProvider->calculateTotalItemCount()
#5 E:\TMA\Project\framework\web\CActiveDataProvider.php(178): CDataProvider->getTotalItemCount()
#6 E:\TMA\Project\framework\web\CDataProvider.php(168): CActiveDataProvider->fetchData()
#7 E:\TMA\Project\framework\zii\widgets\CBaseListView.php(125): CDataProvider->getData()
#8 E:\TMA\Project\framework\zii\widgets\CListView.php(211): CBaseListView->init()
#9 E:\TMA\Project\framework\web\CBaseController.php(147): CListView->init()
#10 E:\TMA\Project\framework\web\CBaseController.php(180): CBaseController->createWidget('zii.widgets.CLi...', Array)
#11 E:\TMA\Project\webshop\protected\modules\shop\views\products\index.php(13): CBaseController->widget('zii.widgets.CLi...', Array)
#12 E:\TMA\Project\framework\web\CBaseController.php(126): require('E:\\TMA\\Project\\...')
#13 E:\TMA\Project\framework\web\CBaseController.php(95): CBaseController->renderInternal('E:\\TMA\\Project\\...', Array, true)
#14 E:\TMA\Project\framework\web\CController.php(869): CBaseController->renderFile('E:\\TMA\\Project\\...', Array, true)
#15 E:\TMA\Project\framework\web\CController.php(782): CController->renderPartial('index', Array, true)
#16 E:\TMA\Project\webshop\protected\modules\shop\controllers\ProductsController.php(119): CController->render('index', Array)
#17 E:\TMA\Project\framework\web\actions\CInlineAction.php(49): ProductsController->actionIndex()
#18 E:\TMA\Project\framework\web\CController.php(308): CInlineAction->runWithParams(Array)
#19 E:\TMA\Project\framework\web\filters\CFilterChain.php(133): CController->runAction(Object(CInlineAction))
#20 E:\TMA\Project\framework\web\filters\CFilter.php(40): CFilterChain->run()
#21 E:\TMA\Project\framework\web\CController.php(1145): CFilter->filter(Object(CFilterChain))
#22 E:\TMA\Project\framework\web\filters\CInlineFilter.php(58): CController->filterAccessControl(Object(CFilterChain))
#23 E:\TMA\Project\framework\web\filters\CFilterChain.php(130): CInlineFilter->filter(Object(CFilterChain))
#24 E:\TMA\Project\framework\web\CController.php(291): CFilterChain->run()
#25 E:\TMA\Project\framework\web\CController.php(265): CController->runActionWithFilters(Object(CInlineAction), Array)
#26 E:\TMA\Project\framework\web\CWebApplication.php(282): CController->run('index')
#27 E:\TMA\Project\framework\web\CWebApplication.php(141): CWebApplication->runController('')
#28 E:\TMA\Project\framework\base\CApplication.php(185): CWebApplication->processRequest()
#29 E:\TMA\Project\webshop\index.php(13): CApplication->run()
#30 {main}
REQUEST_URI=/
---
2016/08/20 18:26:24 [error] [exception.CHttpException.404] exception 'CHttpException' with message 'Unable to resolve the request "shop/install".' in E:\TMA\Project\framework\web\CWebApplication.php:286
Stack trace:
#0 E:\TMA\Project\framework\web\CWebApplication.php(141): CWebApplication->runController('shop/install')
#1 E:\TMA\Project\framework\base\CApplication.php(185): CWebApplication->processRequest()
#2 E:\TMA\Project\webshop\index.php(13): CApplication->run()
#3 {main}
REQUEST_URI=/index.php?r=shop/install
---
2016/08/20 18:26:56 [error] [exception.CHttpException.404] exception 'CHttpException' with message 'Unable to resolve the request "shop/install".' in E:\TMA\Project\framework\web\CWebApplication.php:286
Stack trace:
#0 E:\TMA\Project\framework\web\CWebApplication.php(141): CWebApplication->runController('shop/install')
#1 E:\TMA\Project\framework\base\CApplication.php(185): CWebApplication->processRequest()
#2 E:\TMA\Project\webshop\index.php(13): CApplication->run()
#3 {main}
REQUEST_URI=/index.php?r=shop/install
---
2016/08/20 18:26:56 [error] [exception.CHttpException.404] exception 'CHttpException' with message 'Unable to resolve the request "shop/install".' in E:\TMA\Project\framework\web\CWebApplication.php:286
Stack trace:
#0 E:\TMA\Project\framework\web\CWebApplication.php(141): CWebApplication->runController('shop/install')
#1 E:\TMA\Project\framework\base\CApplication.php(185): CWebApplication->processRequest()
#2 E:\TMA\Project\webshop\index.php(13): CApplication->run()
#3 {main}
REQUEST_URI=/index.php?r=shop/install
---
2016/08/20 18:26:56 [error] [exception.CHttpException.404] exception 'CHttpException' with message 'Unable to resolve the request "shop/install".' in E:\TMA\Project\framework\web\CWebApplication.php:286
Stack trace:
#0 E:\TMA\Project\framework\web\CWebApplication.php(141): CWebApplication->runController('shop/install')
#1 E:\TMA\Project\framework\base\CApplication.php(185): CWebApplication->processRequest()
#2 E:\TMA\Project\webshop\index.php(13): CApplication->run()
#3 {main}
REQUEST_URI=/index.php?r=shop/install
---
2016/08/20 18:28:00 [error] [exception.CHttpException.403] exception 'CHttpException' with message 'You are not authorized to perform this action.' in E:\TMA\Project\framework\web\auth\CAccessControlFilter.php:182
Stack trace:
#0 E:\TMA\Project\framework\web\auth\CAccessControlFilter.php(145): CAccessControlFilter->accessDenied(Object(CWebUser), 'You are not aut...')
#1 E:\TMA\Project\framework\web\filters\CFilter.php(38): CAccessControlFilter->preFilter(Object(CFilterChain))
#2 E:\TMA\Project\framework\web\CController.php(1145): CFilter->filter(Object(CFilterChain))
#3 E:\TMA\Project\framework\web\filters\CInlineFilter.php(58): CController->filterAccessControl(Object(CFilterChain))
#4 E:\TMA\Project\framework\web\filters\CFilterChain.php(130): CInlineFilter->filter(Object(CFilterChain))
#5 E:\TMA\Project\framework\web\CController.php(291): CFilterChain->run()
#6 E:\TMA\Project\framework\web\CController.php(265): CController->runActionWithFilters(Object(CInlineAction), Array)
#7 E:\TMA\Project\framework\web\CWebApplication.php(282): CController->run('admin')
#8 E:\TMA\Project\framework\web\CWebApplication.php(141): CWebApplication->runController('shop/shop/admin')
#9 E:\TMA\Project\framework\base\CApplication.php(185): CWebApplication->processRequest()
#10 E:\TMA\Project\webshop\index.php(13): CApplication->run()
#11 {main}
REQUEST_URI=/index.php?r=shop/shop/admin
HTTP_REFERER=http://shop.example.com/index.php?r=site/login
---
2016/08/20 18:30:22 [error] [exception.CHttpException.404] exception 'CHttpException' with message 'Unable to resolve the request "shop/index".' in E:\TMA\Project\framework\web\CWebApplication.php:286
Stack trace:
#0 E:\TMA\Project\framework\web\CWebApplication.php(141): CWebApplication->runController('shop/index')
#1 E:\TMA\Project\framework\base\CApplication.php(185): CWebApplication->processRequest()
#2 E:\TMA\Project\webshop\index.php(13): CApplication->run()
#3 {main}
REQUEST_URI=/index.php?r=shop/index
---
2016/08/20 18:31:26 [error] [php] move_uploaded_file(productimages/img-news.jpg): failed to open stream: No such file or directory (E:\TMA\Project\framework\web\CUploadedFile.php:201)
Stack trace:
#0 E:\TMA\Project\framework\web\actions\CInlineAction.php(49): ImageController->actionCreate()
#1 E:\TMA\Project\framework\web\CController.php(308): CInlineAction->runWithParams()
#2 E:\TMA\Project\framework\web\CController.php(286): ImageController->runAction()
#3 E:\TMA\Project\framework\web\CController.php(265): ImageController->runActionWithFilters()
#4 E:\TMA\Project\framework\web\CWebApplication.php(282): ImageController->run()
#5 E:\TMA\Project\framework\web\CWebApplication.php(141): CWebApplication->runController()
#6 E:\TMA\Project\framework\base\CApplication.php(185): CWebApplication->processRequest()
#7 E:\TMA\Project\webshop\index.php(13): CWebApplication->run()
REQUEST_URI=/index.php?r=shop/image/create&product_id=1
in E:\TMA\Project\webshop\protected\modules\shop\controllers\ImageController.php (29)
in E:\TMA\Project\webshop\index.php (13)
2016/08/20 18:37:46 [warning] [application] Failed to set unsafe attribute "id" of "DeliveryAddress".
in E:\TMA\Project\webshop\protected\modules\shop\controllers\OrderController.php (166)
in E:\TMA\Project\webshop\index.php (13)
2016/08/20 18:37:46 [warning] [application] Failed to set unsafe attribute "id" of "BillingAddress".
in E:\TMA\Project\webshop\protected\modules\shop\controllers\OrderController.php (174)
in E:\TMA\Project\webshop\index.php (13)
2016/08/20 18:37:58 [error] [exception.CHttpException.404] exception 'CHttpException' with message 'The system is unable to find the requested action "view".' in E:\TMA\Project\framework\web\CController.php:483
Stack trace:
#0 E:\TMA\Project\framework\web\CController.php(270): CController->missingAction('view')
#1 E:\TMA\Project\framework\web\CWebApplication.php(282): CController->run('view')
#2 E:\TMA\Project\framework\web\CWebApplication.php(141): CWebApplication->runController('shop/shop/view')
#3 E:\TMA\Project\framework\base\CApplication.php(185): CWebApplication->processRequest()
#4 E:\TMA\Project\webshop\index.php(13): CApplication->run()
#5 {main}
REQUEST_URI=/index.php?r=shop/shop/view&id=1
HTTP_REFERER=http://shop.example.com/index.php?r=shop/shop/admin
---
2016/08/20 18:38:04 [error] [exception.CHttpException.404] exception 'CHttpException' with message 'The system is unable to find the requested action "view".' in E:\TMA\Project\framework\web\CController.php:483
Stack trace:
#0 E:\TMA\Project\framework\web\CController.php(270): CController->missingAction('view')
#1 E:\TMA\Project\framework\web\CWebApplication.php(282): CController->run('view')
#2 E:\TMA\Project\framework\web\CWebApplication.php(141): CWebApplication->runController('shop/shop/view')
#3 E:\TMA\Project\framework\base\CApplication.php(185): CWebApplication->processRequest()
#4 E:\TMA\Project\webshop\index.php(13): CApplication->run()
#5 {main}
REQUEST_URI=/index.php?r=shop/shop/view&id=1
HTTP_REFERER=http://shop.example.com/index.php?r=shop/shop/admin
---
2016/08/20 18:48:48 [error] [exception.CHttpException.404] exception 'CHttpException' with message 'The system is unable to find the requested action "view".' in E:\TMA\Project\framework\web\CController.php:483
Stack trace:
#0 E:\TMA\Project\framework\web\CController.php(270): CController->missingAction('view')
#1 E:\TMA\Project\framework\web\CWebApplication.php(282): CController->run('view')
#2 E:\TMA\Project\framework\web\CWebApplication.php(141): CWebApplication->runController('shop/shop/view')
#3 E:\TMA\Project\framework\base\CApplication.php(185): CWebApplication->processRequest()
#4 E:\TMA\Project\webshop\index.php(13): CApplication->run()
#5 {main}
REQUEST_URI=/index.php?r=shop/shop/view&id=1
HTTP_REFERER=http://shop.example.com/index.php?r=shop/shop/admin
---
2016/08/27 09:29:29 [error] [exception.CHttpException.404] exception 'CHttpException' with message 'The system is unable to find the requested action "view".' in E:\TMA\Project\framework\web\CController.php:483
Stack trace:
#0 E:\TMA\Project\framework\web\CController.php(270): CController->missingAction('view')
#1 E:\TMA\Project\framework\web\CWebApplication.php(282): CController->run('view')
#2 E:\TMA\Project\framework\web\CWebApplication.php(141): CWebApplication->runController('shop/shop/view')
#3 E:\TMA\Project\framework\base\CApplication.php(185): CWebApplication->processRequest()
#4 E:\TMA\Project\webshop\index.php(13): CApplication->run()
#5 {main}
REQUEST_URI=/index.php?r=shop/shop/view&id=1
HTTP_REFERER=http://shop.example.com/index.php?r=shop/shop/admin
---
2016/08/30 07:33:24 [error] [exception.CDbException] exception 'CDbException' with message 'CDbConnection failed to open the DB connection: SQLSTATE[HY000] [1049] Unknown database 'minhtushop'' in D:\Projects\HoaNguyen\freelance\demo\yii\framework\db\CDbConnection.php:399
Stack trace:
#0 D:\Projects\HoaNguyen\freelance\demo\yii\framework\db\CDbConnection.php(347): CDbConnection->open()
#1 D:\Projects\HoaNguyen\freelance\demo\yii\framework\db\CDbConnection.php(325): CDbConnection->setActive(true)
#2 D:\Projects\HoaNguyen\freelance\demo\yii\framework\base\CModule.php(394): CDbConnection->init()
#3 D:\Projects\HoaNguyen\freelance\demo\yii\framework\base\CApplication.php(459): CModule->getComponent('db')
#4 D:\Projects\HoaNguyen\freelance\demo\yii\framework\db\ar\CActiveRecord.php(637): CApplication->getDb()
#5 D:\Projects\HoaNguyen\freelance\demo\yii\framework\db\ar\CActiveRecord.php(670): CActiveRecord->getDbConnection()
#6 D:\Projects\HoaNguyen\freelance\demo\yii\framework\db\ar\CActiveRecord.php(1601): CActiveRecord->getCommandBuilder()
#7 D:\Projects\HoaNguyen\freelance\demo\yii\framework\web\CActiveDataProvider.php(228): CActiveRecord->count(Object(CDbCriteria))
#8 D:\Projects\HoaNguyen\freelance\demo\yii\framework\web\CDataProvider.php(224): CActiveDataProvider->calculateTotalItemCount()
#9 D:\Projects\HoaNguyen\freelance\demo\yii\framework\web\CActiveDataProvider.php(178): CDataProvider->getTotalItemCount()
#10 D:\Projects\HoaNguyen\freelance\demo\yii\framework\web\CDataProvider.php(168): CActiveDataProvider->fetchData()
#11 D:\Projects\HoaNguyen\freelance\demo\yii\framework\zii\widgets\CBaseListView.php(125): CDataProvider->getData()
#12 D:\Projects\HoaNguyen\freelance\demo\yii\framework\zii\widgets\CListView.php(211): CBaseListView->init()
#13 D:\Projects\HoaNguyen\freelance\demo\yii\framework\web\CBaseController.php(147): CListView->init()
#14 D:\Projects\HoaNguyen\freelance\demo\yii\framework\web\CBaseController.php(180): CBaseController->createWidget('zii.widgets.CLi...', Array)
#15 D:\Projects\HoaNguyen\freelance\demo\demo-shop\protected\modules\shop\views\products\index.php(13): CBaseController->widget('zii.widgets.CLi...', Array)
#16 D:\Projects\HoaNguyen\freelance\demo\yii\framework\web\CBaseController.php(126): require('D:\\Projects\\Hoa...')
#17 D:\Projects\HoaNguyen\freelance\demo\yii\framework\web\CBaseController.php(95): CBaseController->renderInternal('D:\\Projects\\Hoa...', Array, true)
#18 D:\Projects\HoaNguyen\freelance\demo\yii\framework\web\CController.php(869): CBaseController->renderFile('D:\\Projects\\Hoa...', Array, true)
#19 D:\Projects\HoaNguyen\freelance\demo\yii\framework\web\CController.php(782): CController->renderPartial('index', Array, true)
#20 D:\Projects\HoaNguyen\freelance\demo\demo-shop\protected\modules\shop\controllers\ProductsController.php(119): CController->render('index', Array)
#21 D:\Projects\HoaNguyen\freelance\demo\yii\framework\web\actions\CInlineAction.php(49): ProductsController->actionIndex()
#22 D:\Projects\HoaNguyen\freelance\demo\yii\framework\web\CController.php(308): CInlineAction->runWithParams(Array)
#23 D:\Projects\HoaNguyen\freelance\demo\yii\framework\web\filters\CFilterChain.php(133): CController->runAction(Object(CInlineAction))
#24 D:\Projects\HoaNguyen\freelance\demo\yii\framework\web\filters\CFilter.php(40): CFilterChain->run()
#25 D:\Projects\HoaNguyen\freelance\demo\yii\framework\web\CController.php(1145): CFilter->filter(Object(CFilterChain))
#26 D:\Projects\HoaNguyen\freelance\demo\yii\framework\web\filters\CInlineFilter.php(58): CController->filterAccessControl(Object(CFilterChain))
#27 D:\Projects\HoaNguyen\freelance\demo\yii\framework\web\filters\CFilterChain.php(130): CInlineFilter->filter(Object(CFilterChain))
#28 D:\Projects\HoaNguyen\freelance\demo\yii\framework\web\CController.php(291): CFilterChain->run()
#29 D:\Projects\HoaNguyen\freelance\demo\yii\framework\web\CController.php(265): CController->runActionWithFilters(Object(CInlineAction), Array)
#30 D:\Projects\HoaNguyen\freelance\demo\yii\framework\web\CWebApplication.php(282): CController->run('index')
#31 D:\Projects\HoaNguyen\freelance\demo\yii\framework\web\CWebApplication.php(141): CWebApplication->runController('')
#32 D:\Projects\HoaNguyen\freelance\demo\yii\framework\base\CApplication.php(185): CWebApplication->processRequest()
#33 D:\Projects\HoaNguyen\freelance\demo\demo-shop\index.php(13): CApplication->run()
#34 {main}
REQUEST_URI=/
---
2016/08/30 07:43:16 [error] [system.db.CDbCommand] CDbCommand::fetchAll() failed: SQLSTATE[42S02]: Base table or view not found: 1146 Table 'minhtushop.shop_products' doesn't exist. The SQL statement executed was: SHOW FULL COLUMNS FROM `shop_products`.
in D:\Projects\HoaNguyen\freelance\demo\demo-shop\protected\modules\shop\views\products\index.php (13)
in D:\Projects\HoaNguyen\freelance\demo\demo-shop\protected\modules\shop\controllers\ProductsController.php (119)
in D:\Projects\HoaNguyen\freelance\demo\demo-shop\index.php (13)
2016/08/30 07:43:16 [error] [exception.CDbException] exception 'CDbException' with message 'The table "shop_products" for active record class "Products" cannot be found in the database.' in D:\Projects\HoaNguyen\freelance\demo\yii\framework\db\ar\CActiveRecord.php:2387
Stack trace:
#0 D:\Projects\HoaNguyen\freelance\demo\yii\framework\db\ar\CActiveRecord.php(411): CActiveRecordMetaData->__construct(Object(Products))
#1 D:\Projects\HoaNguyen\freelance\demo\yii\framework\db\ar\CActiveRecord.php(661): CActiveRecord->getMetaData()
#2 D:\Projects\HoaNguyen\freelance\demo\yii\framework\db\ar\CActiveRecord.php(1606): CActiveRecord->getTableSchema()
#3 D:\Projects\HoaNguyen\freelance\demo\yii\framework\web\CActiveDataProvider.php(228): CActiveRecord->count(Object(CDbCriteria))
#4 D:\Projects\HoaNguyen\freelance\demo\yii\framework\web\CDataProvider.php(224): CActiveDataProvider->calculateTotalItemCount()
#5 D:\Projects\HoaNguyen\freelance\demo\yii\framework\web\CActiveDataProvider.php(178): CDataProvider->getTotalItemCount()
#6 D:\Projects\HoaNguyen\freelance\demo\yii\framework\web\CDataProvider.php(168): CActiveDataProvider->fetchData()
#7 D:\Projects\HoaNguyen\freelance\demo\yii\framework\zii\widgets\CBaseListView.php(125): CDataProvider->getData()
#8 D:\Projects\HoaNguyen\freelance\demo\yii\framework\zii\widgets\CListView.php(211): CBaseListView->init()
#9 D:\Projects\HoaNguyen\freelance\demo\yii\framework\web\CBaseController.php(147): CListView->init()
#10 D:\Projects\HoaNguyen\freelance\demo\yii\framework\web\CBaseController.php(180): CBaseController->createWidget('zii.widgets.CLi...', Array)
#11 D:\Projects\HoaNguyen\freelance\demo\demo-shop\protected\modules\shop\views\products\index.php(13): CBaseController->widget('zii.widgets.CLi...', Array)
#12 D:\Projects\HoaNguyen\freelance\demo\yii\framework\web\CBaseController.php(126): require('D:\\Projects\\Hoa...')
#13 D:\Projects\HoaNguyen\freelance\demo\yii\framework\web\CBaseController.php(95): CBaseController->renderInternal('D:\\Projects\\Hoa...', Array, true)
#14 D:\Projects\HoaNguyen\freelance\demo\yii\framework\web\CController.php(869): CBaseController->renderFile('D:\\Projects\\Hoa...', Array, true)
#15 D:\Projects\HoaNguyen\freelance\demo\yii\framework\web\CController.php(782): CController->renderPartial('index', Array, true)
#16 D:\Projects\HoaNguyen\freelance\demo\demo-shop\protected\modules\shop\controllers\ProductsController.php(119): CController->render('index', Array)
#17 D:\Projects\HoaNguyen\freelance\demo\yii\framework\web\actions\CInlineAction.php(49): ProductsController->actionIndex()
#18 D:\Projects\HoaNguyen\freelance\demo\yii\framework\web\CController.php(308): CInlineAction->runWithParams(Array)
#19 D:\Projects\HoaNguyen\freelance\demo\yii\framework\web\filters\CFilterChain.php(133): CController->runAction(Object(CInlineAction))
#20 D:\Projects\HoaNguyen\freelance\demo\yii\framework\web\filters\CFilter.php(40): CFilterChain->run()
#21 D:\Projects\HoaNguyen\freelance\demo\yii\framework\web\CController.php(1145): CFilter->filter(Object(CFilterChain))
#22 D:\Projects\HoaNguyen\freelance\demo\yii\framework\web\filters\CInlineFilter.php(58): CController->filterAccessControl(Object(CFilterChain))
#23 D:\Projects\HoaNguyen\freelance\demo\yii\framework\web\filters\CFilterChain.php(130): CInlineFilter->filter(Object(CFilterChain))
#24 D:\Projects\HoaNguyen\freelance\demo\yii\framework\web\CController.php(291): CFilterChain->run()
#25 D:\Projects\HoaNguyen\freelance\demo\yii\framework\web\CController.php(265): CController->runActionWithFilters(Object(CInlineAction), Array)
#26 D:\Projects\HoaNguyen\freelance\demo\yii\framework\web\CWebApplication.php(282): CController->run('index')
#27 D:\Projects\HoaNguyen\freelance\demo\yii\framework\web\CWebApplication.php(141): CWebApplication->runController('')
#28 D:\Projects\HoaNguyen\freelance\demo\yii\framework\base\CApplication.php(185): CWebApplication->processRequest()
#29 D:\Projects\HoaNguyen\freelance\demo\demo-shop\index.php(13): CApplication->run()
#30 {main}
REQUEST_URI=/
---
2016/08/30 07:55:11 [error] [system.db.CDbCommand] CDbCommand::fetchAll() failed: SQLSTATE[42S02]: Base table or view not found: 1146 Table 'minhtushop.shop_products' doesn't exist. The SQL statement executed was: SHOW FULL COLUMNS FROM `shop_products`.
in D:\Projects\HoaNguyen\freelance\demo\demo-shop\protected\modules\shop\views\products\index.php (13)
in D:\Projects\HoaNguyen\freelance\demo\demo-shop\protected\modules\shop\controllers\ProductsController.php (119)
in D:\Projects\HoaNguyen\freelance\demo\demo-shop\index.php (13)
2016/08/30 07:55:11 [error] [exception.CDbException] exception 'CDbException' with message 'The table "shop_products" for active record class "Products" cannot be found in the database.' in D:\Projects\HoaNguyen\freelance\demo\yii\framework\db\ar\CActiveRecord.php:2387
Stack trace:
#0 D:\Projects\HoaNguyen\freelance\demo\yii\framework\db\ar\CActiveRecord.php(411): CActiveRecordMetaData->__construct(Object(Products))
#1 D:\Projects\HoaNguyen\freelance\demo\yii\framework\db\ar\CActiveRecord.php(661): CActiveRecord->getMetaData()
#2 D:\Projects\HoaNguyen\freelance\demo\yii\framework\db\ar\CActiveRecord.php(1606): CActiveRecord->getTableSchema()
#3 D:\Projects\HoaNguyen\freelance\demo\yii\framework\web\CActiveDataProvider.php(228): CActiveRecord->count(Object(CDbCriteria))
#4 D:\Projects\HoaNguyen\freelance\demo\yii\framework\web\CDataProvider.php(224): CActiveDataProvider->calculateTotalItemCount()
#5 D:\Projects\HoaNguyen\freelance\demo\yii\framework\web\CActiveDataProvider.php(178): CDataProvider->getTotalItemCount()
#6 D:\Projects\HoaNguyen\freelance\demo\yii\framework\web\CDataProvider.php(168): CActiveDataProvider->fetchData()
#7 D:\Projects\HoaNguyen\freelance\demo\yii\framework\zii\widgets\CBaseListView.php(125): CDataProvider->getData()
#8 D:\Projects\HoaNguyen\freelance\demo\yii\framework\zii\widgets\CListView.php(211): CBaseListView->init()
#9 D:\Projects\HoaNguyen\freelance\demo\yii\framework\web\CBaseController.php(147): CListView->init()
#10 D:\Projects\HoaNguyen\freelance\demo\yii\framework\web\CBaseController.php(180): CBaseController->createWidget('zii.widgets.CLi...', Array)
#11 D:\Projects\HoaNguyen\freelance\demo\demo-shop\protected\modules\shop\views\products\index.php(13): CBaseController->widget('zii.widgets.CLi...', Array)
#12 D:\Projects\HoaNguyen\freelance\demo\yii\framework\web\CBaseController.php(126): require('D:\\Projects\\Hoa...')
#13 D:\Projects\HoaNguyen\freelance\demo\yii\framework\web\CBaseController.php(95): CBaseController->renderInternal('D:\\Projects\\Hoa...', Array, true)
#14 D:\Projects\HoaNguyen\freelance\demo\yii\framework\web\CController.php(869): CBaseController->renderFile('D:\\Projects\\Hoa...', Array, true)
#15 D:\Projects\HoaNguyen\freelance\demo\yii\framework\web\CController.php(782): CController->renderPartial('index', Array, true)
#16 D:\Projects\HoaNguyen\freelance\demo\demo-shop\protected\modules\shop\controllers\ProductsController.php(119): CController->render('index', Array)
#17 D:\Projects\HoaNguyen\freelance\demo\yii\framework\web\actions\CInlineAction.php(49): ProductsController->actionIndex()
#18 D:\Projects\HoaNguyen\freelance\demo\yii\framework\web\CController.php(308): CInlineAction->runWithParams(Array)
#19 D:\Projects\HoaNguyen\freelance\demo\yii\framework\web\filters\CFilterChain.php(133): CController->runAction(Object(CInlineAction))
#20 D:\Projects\HoaNguyen\freelance\demo\yii\framework\web\filters\CFilter.php(40): CFilterChain->run()
#21 D:\Projects\HoaNguyen\freelance\demo\yii\framework\web\CController.php(1145): CFilter->filter(Object(CFilterChain))
#22 D:\Projects\HoaNguyen\freelance\demo\yii\framework\web\filters\CInlineFilter.php(58): CController->filterAccessControl(Object(CFilterChain))
#23 D:\Projects\HoaNguyen\freelance\demo\yii\framework\web\filters\CFilterChain.php(130): CInlineFilter->filter(Object(CFilterChain))
#24 D:\Projects\HoaNguyen\freelance\demo\yii\framework\web\CController.php(291): CFilterChain->run()
#25 D:\Projects\HoaNguyen\freelance\demo\yii\framework\web\CController.php(265): CController->runActionWithFilters(Object(CInlineAction), Array)
#26 D:\Projects\HoaNguyen\freelance\demo\yii\framework\web\CWebApplication.php(282): CController->run('index')
#27 D:\Projects\HoaNguyen\freelance\demo\yii\framework\web\CWebApplication.php(141): CWebApplication->runController('')
#28 D:\Projects\HoaNguyen\freelance\demo\yii\framework\base\CApplication.php(185): CWebApplication->processRequest()
#29 D:\Projects\HoaNguyen\freelance\demo\demo-shop\index.php(13): CApplication->run()
#30 {main}
REQUEST_URI=/
---
2016/08/30 07:55:11 [error] [system.db.CDbCommand] CDbCommand::fetchAll() failed: SQLSTATE[42S02]: Base table or view not found: 1146 Table 'minhtushop.shop_products' doesn't exist. The SQL statement executed was: SHOW FULL COLUMNS FROM `shop_products`.
in D:\Projects\HoaNguyen\freelance\demo\demo-shop\protected\modules\shop\views\products\index.php (13)
in D:\Projects\HoaNguyen\freelance\demo\demo-shop\protected\modules\shop\controllers\ProductsController.php (119)
in D:\Projects\HoaNguyen\freelance\demo\demo-shop\index.php (13)
2016/08/30 07:55:11 [error] [exception.CDbException] exception 'CDbException' with message 'The table "shop_products" for active record class "Products" cannot be found in the database.' in D:\Projects\HoaNguyen\freelance\demo\yii\framework\db\ar\CActiveRecord.php:2387
Stack trace:
#0 D:\Projects\HoaNguyen\freelance\demo\yii\framework\db\ar\CActiveRecord.php(411): CActiveRecordMetaData->__construct(Object(Products))
#1 D:\Projects\HoaNguyen\freelance\demo\yii\framework\db\ar\CActiveRecord.php(661): CActiveRecord->getMetaData()
#2 D:\Projects\HoaNguyen\freelance\demo\yii\framework\db\ar\CActiveRecord.php(1606): CActiveRecord->getTableSchema()
#3 D:\Projects\HoaNguyen\freelance\demo\yii\framework\web\CActiveDataProvider.php(228): CActiveRecord->count(Object(CDbCriteria))
#4 D:\Projects\HoaNguyen\freelance\demo\yii\framework\web\CDataProvider.php(224): CActiveDataProvider->calculateTotalItemCount()
#5 D:\Projects\HoaNguyen\freelance\demo\yii\framework\web\CActiveDataProvider.php(178): CDataProvider->getTotalItemCount()
#6 D:\Projects\HoaNguyen\freelance\demo\yii\framework\web\CDataProvider.php(168): CActiveDataProvider->fetchData()
#7 D:\Projects\HoaNguyen\freelance\demo\yii\framework\zii\widgets\CBaseListView.php(125): CDataProvider->getData()
#8 D:\Projects\HoaNguyen\freelance\demo\yii\framework\zii\widgets\CListView.php(211): CBaseListView->init()
#9 D:\Projects\HoaNguyen\freelance\demo\yii\framework\web\CBaseController.php(147): CListView->init()
#10 D:\Projects\HoaNguyen\freelance\demo\yii\framework\web\CBaseController.php(180): CBaseController->createWidget('zii.widgets.CLi...', Array)
#11 D:\Projects\HoaNguyen\freelance\demo\demo-shop\protected\modules\shop\views\products\index.php(13): CBaseController->widget('zii.widgets.CLi...', Array)
#12 D:\Projects\HoaNguyen\freelance\demo\yii\framework\web\CBaseController.php(126): require('D:\\Projects\\Hoa...')
#13 D:\Projects\HoaNguyen\freelance\demo\yii\framework\web\CBaseController.php(95): CBaseController->renderInternal('D:\\Projects\\Hoa...', Array, true)
#14 D:\Projects\HoaNguyen\freelance\demo\yii\framework\web\CController.php(869): CBaseController->renderFile('D:\\Projects\\Hoa...', Array, true)
#15 D:\Projects\HoaNguyen\freelance\demo\yii\framework\web\CController.php(782): CController->renderPartial('index', Array, true)
#16 D:\Projects\HoaNguyen\freelance\demo\demo-shop\protected\modules\shop\controllers\ProductsController.php(119): CController->render('index', Array)
#17 D:\Projects\HoaNguyen\freelance\demo\yii\framework\web\actions\CInlineAction.php(49): ProductsController->actionIndex()
#18 D:\Projects\HoaNguyen\freelance\demo\yii\framework\web\CController.php(308): CInlineAction->runWithParams(Array)
#19 D:\Projects\HoaNguyen\freelance\demo\yii\framework\web\filters\CFilterChain.php(133): CController->runAction(Object(CInlineAction))
#20 D:\Projects\HoaNguyen\freelance\demo\yii\framework\web\filters\CFilter.php(40): CFilterChain->run()
#21 D:\Projects\HoaNguyen\freelance\demo\yii\framework\web\CController.php(1145): CFilter->filter(Object(CFilterChain))
#22 D:\Projects\HoaNguyen\freelance\demo\yii\framework\web\filters\CInlineFilter.php(58): CController->filterAccessControl(Object(CFilterChain))
#23 D:\Projects\HoaNguyen\freelance\demo\yii\framework\web\filters\CFilterChain.php(130): CInlineFilter->filter(Object(CFilterChain))
#24 D:\Projects\HoaNguyen\freelance\demo\yii\framework\web\CController.php(291): CFilterChain->run()
#25 D:\Projects\HoaNguyen\freelance\demo\yii\framework\web\CController.php(265): CController->runActionWithFilters(Object(CInlineAction), Array)
#26 D:\Projects\HoaNguyen\freelance\demo\yii\framework\web\CWebApplication.php(282): CController->run('index')
#27 D:\Projects\HoaNguyen\freelance\demo\yii\framework\web\CWebApplication.php(141): CWebApplication->runController('')
#28 D:\Projects\HoaNguyen\freelance\demo\yii\framework\base\CApplication.php(185): CWebApplication->processRequest()
#29 D:\Projects\HoaNguyen\freelance\demo\demo-shop\index.php(13): CApplication->run()
#30 {main}
REQUEST_URI=/
---
2016/08/30 07:55:12 [error] [system.db.CDbCommand] CDbCommand::fetchAll() failed: SQLSTATE[42S02]: Base table or view not found: 1146 Table 'minhtushop.shop_products' doesn't exist. The SQL statement executed was: SHOW FULL COLUMNS FROM `shop_products`.
in D:\Projects\HoaNguyen\freelance\demo\demo-shop\protected\modules\shop\views\products\index.php (13)
in D:\Projects\HoaNguyen\freelance\demo\demo-shop\protected\modules\shop\controllers\ProductsController.php (119)
in D:\Projects\HoaNguyen\freelance\demo\demo-shop\index.php (13)
2016/08/30 07:55:12 [error] [exception.CDbException] exception 'CDbException' with message 'The table "shop_products" for active record class "Products" cannot be found in the database.' in D:\Projects\HoaNguyen\freelance\demo\yii\framework\db\ar\CActiveRecord.php:2387
Stack trace:
#0 D:\Projects\HoaNguyen\freelance\demo\yii\framework\db\ar\CActiveRecord.php(411): CActiveRecordMetaData->__construct(Object(Products))
#1 D:\Projects\HoaNguyen\freelance\demo\yii\framework\db\ar\CActiveRecord.php(661): CActiveRecord->getMetaData()
#2 D:\Projects\HoaNguyen\freelance\demo\yii\framework\db\ar\CActiveRecord.php(1606): CActiveRecord->getTableSchema()
#3 D:\Projects\HoaNguyen\freelance\demo\yii\framework\web\CActiveDataProvider.php(228): CActiveRecord->count(Object(CDbCriteria))
#4 D:\Projects\HoaNguyen\freelance\demo\yii\framework\web\CDataProvider.php(224): CActiveDataProvider->calculateTotalItemCount()
#5 D:\Projects\HoaNguyen\freelance\demo\yii\framework\web\CActiveDataProvider.php(178): CDataProvider->getTotalItemCount()
#6 D:\Projects\HoaNguyen\freelance\demo\yii\framework\web\CDataProvider.php(168): CActiveDataProvider->fetchData()
#7 D:\Projects\HoaNguyen\freelance\demo\yii\framework\zii\widgets\CBaseListView.php(125): CDataProvider->getData()
#8 D:\Projects\HoaNguyen\freelance\demo\yii\framework\zii\widgets\CListView.php(211): CBaseListView->init()
#9 D:\Projects\HoaNguyen\freelance\demo\yii\framework\web\CBaseController.php(147): CListView->init()
#10 D:\Projects\HoaNguyen\freelance\demo\yii\framework\web\CBaseController.php(180): CBaseController->createWidget('zii.widgets.CLi...', Array)
#11 D:\Projects\HoaNguyen\freelance\demo\demo-shop\protected\modules\shop\views\products\index.php(13): CBaseController->widget('zii.widgets.CLi...', Array)
#12 D:\Projects\HoaNguyen\freelance\demo\yii\framework\web\CBaseController.php(126): require('D:\\Projects\\Hoa...')
#13 D:\Projects\HoaNguyen\freelance\demo\yii\framework\web\CBaseController.php(95): CBaseController->renderInternal('D:\\Projects\\Hoa...', Array, true)
#14 D:\Projects\HoaNguyen\freelance\demo\yii\framework\web\CController.php(869): CBaseController->renderFile('D:\\Projects\\Hoa...', Array, true)
#15 D:\Projects\HoaNguyen\freelance\demo\yii\framework\web\CController.php(782): CController->renderPartial('index', Array, true)
#16 D:\Projects\HoaNguyen\freelance\demo\demo-shop\protected\modules\shop\controllers\ProductsController.php(119): CController->render('index', Array)
#17 D:\Projects\HoaNguyen\freelance\demo\yii\framework\web\actions\CInlineAction.php(49): ProductsController->actionIndex()
#18 D:\Projects\HoaNguyen\freelance\demo\yii\framework\web\CController.php(308): CInlineAction->runWithParams(Array)
#19 D:\Projects\HoaNguyen\freelance\demo\yii\framework\web\filters\CFilterChain.php(133): CController->runAction(Object(CInlineAction))
#20 D:\Projects\HoaNguyen\freelance\demo\yii\framework\web\filters\CFilter.php(40): CFilterChain->run()
#21 D:\Projects\HoaNguyen\freelance\demo\yii\framework\web\CController.php(1145): CFilter->filter(Object(CFilterChain))
#22 D:\Projects\HoaNguyen\freelance\demo\yii\framework\web\filters\CInlineFilter.php(58): CController->filterAccessControl(Object(CFilterChain))
#23 D:\Projects\HoaNguyen\freelance\demo\yii\framework\web\filters\CFilterChain.php(130): CInlineFilter->filter(Object(CFilterChain))
#24 D:\Projects\HoaNguyen\freelance\demo\yii\framework\web\CController.php(291): CFilterChain->run()
#25 D:\Projects\HoaNguyen\freelance\demo\yii\framework\web\CController.php(265): CController->runActionWithFilters(Object(CInlineAction), Array)
#26 D:\Projects\HoaNguyen\freelance\demo\yii\framework\web\CWebApplication.php(282): CController->run('index')
#27 D:\Projects\HoaNguyen\freelance\demo\yii\framework\web\CWebApplication.php(141): CWebApplication->runController('')
#28 D:\Projects\HoaNguyen\freelance\demo\yii\framework\base\CApplication.php(185): CWebApplication->processRequest()
#29 D:\Projects\HoaNguyen\freelance\demo\demo-shop\index.php(13): CApplication->run()
#30 {main}
REQUEST_URI=/
---
2016/08/30 07:55:12 [error] [system.db.CDbCommand] CDbCommand::fetchAll() failed: SQLSTATE[42S02]: Base table or view not found: 1146 Table 'minhtushop.shop_products' doesn't exist. The SQL statement executed was: SHOW FULL COLUMNS FROM `shop_products`.
in D:\Projects\HoaNguyen\freelance\demo\demo-shop\protected\modules\shop\views\products\index.php (13)
in D:\Projects\HoaNguyen\freelance\demo\demo-shop\protected\modules\shop\controllers\ProductsController.php (119)
in D:\Projects\HoaNguyen\freelance\demo\demo-shop\index.php (13)
2016/08/30 07:55:12 [error] [exception.CDbException] exception 'CDbException' with message 'The table "shop_products" for active record class "Products" cannot be found in the database.' in D:\Projects\HoaNguyen\freelance\demo\yii\framework\db\ar\CActiveRecord.php:2387
Stack trace:
#0 D:\Projects\HoaNguyen\freelance\demo\yii\framework\db\ar\CActiveRecord.php(411): CActiveRecordMetaData->__construct(Object(Products))
#1 D:\Projects\HoaNguyen\freelance\demo\yii\framework\db\ar\CActiveRecord.php(661): CActiveRecord->getMetaData()
#2 D:\Projects\HoaNguyen\freelance\demo\yii\framework\db\ar\CActiveRecord.php(1606): CActiveRecord->getTableSchema()
#3 D:\Projects\HoaNguyen\freelance\demo\yii\framework\web\CActiveDataProvider.php(228): CActiveRecord->count(Object(CDbCriteria))
#4 D:\Projects\HoaNguyen\freelance\demo\yii\framework\web\CDataProvider.php(224): CActiveDataProvider->calculateTotalItemCount()
#5 D:\Projects\HoaNguyen\freelance\demo\yii\framework\web\CActiveDataProvider.php(178): CDataProvider->getTotalItemCount()
#6 D:\Projects\HoaNguyen\freelance\demo\yii\framework\web\CDataProvider.php(168): CActiveDataProvider->fetchData()
#7 D:\Projects\HoaNguyen\freelance\demo\yii\framework\zii\widgets\CBaseListView.php(125): CDataProvider->getData()
#8 D:\Projects\HoaNguyen\freelance\demo\yii\framework\zii\widgets\CListView.php(211): CBaseListView->init()
#9 D:\Projects\HoaNguyen\freelance\demo\yii\framework\web\CBaseController.php(147): CListView->init()
#10 D:\Projects\HoaNguyen\freelance\demo\yii\framework\web\CBaseController.php(180): CBaseController->createWidget('zii.widgets.CLi...', Array)
#11 D:\Projects\HoaNguyen\freelance\demo\demo-shop\protected\modules\shop\views\products\index.php(13): CBaseController->widget('zii.widgets.CLi...', Array)
#12 D:\Projects\HoaNguyen\freelance\demo\yii\framework\web\CBaseController.php(126): require('D:\\Projects\\Hoa...')
#13 D:\Projects\HoaNguyen\freelance\demo\yii\framework\web\CBaseController.php(95): CBaseController->renderInternal('D:\\Projects\\Hoa...', Array, true)
#14 D:\Projects\HoaNguyen\freelance\demo\yii\framework\web\CController.php(869): CBaseController->renderFile('D:\\Projects\\Hoa...', Array, true)
#15 D:\Projects\HoaNguyen\freelance\demo\yii\framework\web\CController.php(782): CController->renderPartial('index', Array, true)
#16 D:\Projects\HoaNguyen\freelance\demo\demo-shop\protected\modules\shop\controllers\ProductsController.php(119): CController->render('index', Array)
#17 D:\Projects\HoaNguyen\freelance\demo\yii\framework\web\actions\CInlineAction.php(49): ProductsController->actionIndex()
#18 D:\Projects\HoaNguyen\freelance\demo\yii\framework\web\CController.php(308): CInlineAction->runWithParams(Array)
#19 D:\Projects\HoaNguyen\freelance\demo\yii\framework\web\filters\CFilterChain.php(133): CController->runAction(Object(CInlineAction))
#20 D:\Projects\HoaNguyen\freelance\demo\yii\framework\web\filters\CFilter.php(40): CFilterChain->run()
#21 D:\Projects\HoaNguyen\freelance\demo\yii\framework\web\CController.php(1145): CFilter->filter(Object(CFilterChain))
#22 D:\Projects\HoaNguyen\freelance\demo\yii\framework\web\filters\CInlineFilter.php(58): CController->filterAccessControl(Object(CFilterChain))
#23 D:\Projects\HoaNguyen\freelance\demo\yii\framework\web\filters\CFilterChain.php(130): CInlineFilter->filter(Object(CFilterChain))
#24 D:\Projects\HoaNguyen\freelance\demo\yii\framework\web\CController.php(291): CFilterChain->run()
#25 D:\Projects\HoaNguyen\freelance\demo\yii\framework\web\CController.php(265): CController->runActionWithFilters(Object(CInlineAction), Array)
#26 D:\Projects\HoaNguyen\freelance\demo\yii\framework\web\CWebApplication.php(282): CController->run('index')
#27 D:\Projects\HoaNguyen\freelance\demo\yii\framework\web\CWebApplication.php(141): CWebApplication->runController('')
#28 D:\Projects\HoaNguyen\freelance\demo\yii\framework\base\CApplication.php(185): CWebApplication->processRequest()
#29 D:\Projects\HoaNguyen\freelance\demo\demo-shop\index.php(13): CApplication->run()
#30 {main}
REQUEST_URI=/
---
2016/08/30 07:55:13 [error] [system.db.CDbCommand] CDbCommand::fetchAll() failed: SQLSTATE[42S02]: Base table or view not found: 1146 Table 'minhtushop.shop_products' doesn't exist. The SQL statement executed was: SHOW FULL COLUMNS FROM `shop_products`.
in D:\Projects\HoaNguyen\freelance\demo\demo-shop\protected\modules\shop\views\products\index.php (13)
in D:\Projects\HoaNguyen\freelance\demo\demo-shop\protected\modules\shop\controllers\ProductsController.php (119)
in D:\Projects\HoaNguyen\freelance\demo\demo-shop\index.php (13)
2016/08/30 07:55:13 [error] [exception.CDbException] exception 'CDbException' with message 'The table "shop_products" for active record class "Products" cannot be found in the database.' in D:\Projects\HoaNguyen\freelance\demo\yii\framework\db\ar\CActiveRecord.php:2387
Stack trace:
#0 D:\Projects\HoaNguyen\freelance\demo\yii\framework\db\ar\CActiveRecord.php(411): CActiveRecordMetaData->__construct(Object(Products))
#1 D:\Projects\HoaNguyen\freelance\demo\yii\framework\db\ar\CActiveRecord.php(661): CActiveRecord->getMetaData()
#2 D:\Projects\HoaNguyen\freelance\demo\yii\framework\db\ar\CActiveRecord.php(1606): CActiveRecord->getTableSchema()
#3 D:\Projects\HoaNguyen\freelance\demo\yii\framework\web\CActiveDataProvider.php(228): CActiveRecord->count(Object(CDbCriteria))
#4 D:\Projects\HoaNguyen\freelance\demo\yii\framework\web\CDataProvider.php(224): CActiveDataProvider->calculateTotalItemCount()
#5 D:\Projects\HoaNguyen\freelance\demo\yii\framework\web\CActiveDataProvider.php(178): CDataProvider->getTotalItemCount()
#6 D:\Projects\HoaNguyen\freelance\demo\yii\framework\web\CDataProvider.php(168): CActiveDataProvider->fetchData()
#7 D:\Projects\HoaNguyen\freelance\demo\yii\framework\zii\widgets\CBaseListView.php(125): CDataProvider->getData()
#8 D:\Projects\HoaNguyen\freelance\demo\yii\framework\zii\widgets\CListView.php(211): CBaseListView->init()
#9 D:\Projects\HoaNguyen\freelance\demo\yii\framework\web\CBaseController.php(147): CListView->init()
#10 D:\Projects\HoaNguyen\freelance\demo\yii\framework\web\CBaseController.php(180): CBaseController->createWidget('zii.widgets.CLi...', Array)
#11 D:\Projects\HoaNguyen\freelance\demo\demo-shop\protected\modules\shop\views\products\index.php(13): CBaseController->widget('zii.widgets.CLi...', Array)
#12 D:\Projects\HoaNguyen\freelance\demo\yii\framework\web\CBaseController.php(126): require('D:\\Projects\\Hoa...')
#13 D:\Projects\HoaNguyen\freelance\demo\yii\framework\web\CBaseController.php(95): CBaseController->renderInternal('D:\\Projects\\Hoa...', Array, true)
#14 D:\Projects\HoaNguyen\freelance\demo\yii\framework\web\CController.php(869): CBaseController->renderFile('D:\\Projects\\Hoa...', Array, true)
#15 D:\Projects\HoaNguyen\freelance\demo\yii\framework\web\CController.php(782): CController->renderPartial('index', Array, true)
#16 D:\Projects\HoaNguyen\freelance\demo\demo-shop\protected\modules\shop\controllers\ProductsController.php(119): CController->render('index', Array)
#17 D:\Projects\HoaNguyen\freelance\demo\yii\framework\web\actions\CInlineAction.php(49): ProductsController->actionIndex()
#18 D:\Projects\HoaNguyen\freelance\demo\yii\framework\web\CController.php(308): CInlineAction->runWithParams(Array)
#19 D:\Projects\HoaNguyen\freelance\demo\yii\framework\web\filters\CFilterChain.php(133): CController->runAction(Object(CInlineAction))
#20 D:\Projects\HoaNguyen\freelance\demo\yii\framework\web\filters\CFilter.php(40): CFilterChain->run()
#21 D:\Projects\HoaNguyen\freelance\demo\yii\framework\web\CController.php(1145): CFilter->filter(Object(CFilterChain))
#22 D:\Projects\HoaNguyen\freelance\demo\yii\framework\web\filters\CInlineFilter.php(58): CController->filterAccessControl(Object(CFilterChain))
#23 D:\Projects\HoaNguyen\freelance\demo\yii\framework\web\filters\CFilterChain.php(130): CInlineFilter->filter(Object(CFilterChain))
#24 D:\Projects\HoaNguyen\freelance\demo\yii\framework\web\CController.php(291): CFilterChain->run()
#25 D:\Projects\HoaNguyen\freelance\demo\yii\framework\web\CController.php(265): CController->runActionWithFilters(Object(CInlineAction), Array)
#26 D:\Projects\HoaNguyen\freelance\demo\yii\framework\web\CWebApplication.php(282): CController->run('index')
#27 D:\Projects\HoaNguyen\freelance\demo\yii\framework\web\CWebApplication.php(141): CWebApplication->runController('')
#28 D:\Projects\HoaNguyen\freelance\demo\yii\framework\base\CApplication.php(185): CWebApplication->processRequest()
#29 D:\Projects\HoaNguyen\freelance\demo\demo-shop\index.php(13): CApplication->run()
#30 {main}
REQUEST_URI=/
---
2016/08/30 08:39:28 [error] [system.db.CDbCommand] CDbCommand::fetchAll() failed: SQLSTATE[42S02]: Base table or view not found: 1146 Table 'minhtushop.shop_products' doesn't exist. The SQL statement executed was: SHOW FULL COLUMNS FROM `shop_products`.
in D:\Projects\HoaNguyen\freelance\demo\demo-shop\protected\modules\shop\views\products\index.php (13)
in D:\Projects\HoaNguyen\freelance\demo\demo-shop\protected\modules\shop\controllers\ProductsController.php (119)
in D:\Projects\HoaNguyen\freelance\demo\demo-shop\index.php (13)
2016/08/30 08:39:28 [error] [exception.CDbException] exception 'CDbException' with message 'The table "shop_products" for active record class "Products" cannot be found in the database.' in D:\Projects\HoaNguyen\freelance\demo\yii\framework\db\ar\CActiveRecord.php:2387
Stack trace:
#0 D:\Projects\HoaNguyen\freelance\demo\yii\framework\db\ar\CActiveRecord.php(411): CActiveRecordMetaData->__construct(Object(Products))
#1 D:\Projects\HoaNguyen\freelance\demo\yii\framework\db\ar\CActiveRecord.php(661): CActiveRecord->getMetaData()
#2 D:\Projects\HoaNguyen\freelance\demo\yii\framework\db\ar\CActiveRecord.php(1606): CActiveRecord->getTableSchema()
#3 D:\Projects\HoaNguyen\freelance\demo\yii\framework\web\CActiveDataProvider.php(228): CActiveRecord->count(Object(CDbCriteria))
#4 D:\Projects\HoaNguyen\freelance\demo\yii\framework\web\CDataProvider.php(224): CActiveDataProvider->calculateTotalItemCount()
#5 D:\Projects\HoaNguyen\freelance\demo\yii\framework\web\CActiveDataProvider.php(178): CDataProvider->getTotalItemCount()
#6 D:\Projects\HoaNguyen\freelance\demo\yii\framework\web\CDataProvider.php(168): CActiveDataProvider->fetchData()
#7 D:\Projects\HoaNguyen\freelance\demo\yii\framework\zii\widgets\CBaseListView.php(125): CDataProvider->getData()
#8 D:\Projects\HoaNguyen\freelance\demo\yii\framework\zii\widgets\CListView.php(211): CBaseListView->init()
#9 D:\Projects\HoaNguyen\freelance\demo\yii\framework\web\CBaseController.php(147): CListView->init()
#10 D:\Projects\HoaNguyen\freelance\demo\yii\framework\web\CBaseController.php(180): CBaseController->createWidget('zii.widgets.CLi...', Array)
#11 D:\Projects\HoaNguyen\freelance\demo\demo-shop\protected\modules\shop\views\products\index.php(13): CBaseController->widget('zii.widgets.CLi...', Array)
#12 D:\Projects\HoaNguyen\freelance\demo\yii\framework\web\CBaseController.php(126): require('D:\\Projects\\Hoa...')
#13 D:\Projects\HoaNguyen\freelance\demo\yii\framework\web\CBaseController.php(95): CBaseController->renderInternal('D:\\Projects\\Hoa...', Array, true)
#14 D:\Projects\HoaNguyen\freelance\demo\yii\framework\web\CController.php(869): CBaseController->renderFile('D:\\Projects\\Hoa...', Array, true)
#15 D:\Projects\HoaNguyen\freelance\demo\yii\framework\web\CController.php(782): CController->renderPartial('index', Array, true)
#16 D:\Projects\HoaNguyen\freelance\demo\demo-shop\protected\modules\shop\controllers\ProductsController.php(119): CController->render('index', Array)
#17 D:\Projects\HoaNguyen\freelance\demo\yii\framework\web\actions\CInlineAction.php(49): ProductsController->actionIndex()
#18 D:\Projects\HoaNguyen\freelance\demo\yii\framework\web\CController.php(308): CInlineAction->runWithParams(Array)
#19 D:\Projects\HoaNguyen\freelance\demo\yii\framework\web\filters\CFilterChain.php(133): CController->runAction(Object(CInlineAction))
#20 D:\Projects\HoaNguyen\freelance\demo\yii\framework\web\filters\CFilter.php(40): CFilterChain->run()
#21 D:\Projects\HoaNguyen\freelance\demo\yii\framework\web\CController.php(1145): CFilter->filter(Object(CFilterChain))
#22 D:\Projects\HoaNguyen\freelance\demo\yii\framework\web\filters\CInlineFilter.php(58): CController->filterAccessControl(Object(CFilterChain))
#23 D:\Projects\HoaNguyen\freelance\demo\yii\framework\web\filters\CFilterChain.php(130): CInlineFilter->filter(Object(CFilterChain))
#24 D:\Projects\HoaNguyen\freelance\demo\yii\framework\web\CController.php(291): CFilterChain->run()
#25 D:\Projects\HoaNguyen\freelance\demo\yii\framework\web\CController.php(265): CController->runActionWithFilters(Object(CInlineAction), Array)
#26 D:\Projects\HoaNguyen\freelance\demo\yii\framework\web\CWebApplication.php(282): CController->run('index')
#27 D:\Projects\HoaNguyen\freelance\demo\yii\framework\web\CWebApplication.php(141): CWebApplication->runController('')
#28 D:\Projects\HoaNguyen\freelance\demo\yii\framework\base\CApplication.php(185): CWebApplication->processRequest()
#29 D:\Projects\HoaNguyen\freelance\demo\demo-shop\index.php(13): CApplication->run()
#30 {main}
REQUEST_URI=/
---
2016/08/30 08:39:35 [error] [system.db.CDbCommand] CDbCommand::fetchAll() failed: SQLSTATE[42S02]: Base table or view not found: 1146 Table 'minhtushop.shop_products' doesn't exist. The SQL statement executed was: SHOW FULL COLUMNS FROM `shop_products`.
in D:\Projects\HoaNguyen\freelance\demo\demo-shop\protected\modules\shop\views\products\index.php (13)
in D:\Projects\HoaNguyen\freelance\demo\demo-shop\protected\modules\shop\controllers\ProductsController.php (119)
in D:\Projects\HoaNguyen\freelance\demo\demo-shop\index.php (13)
2016/08/30 08:39:35 [error] [exception.CDbException] exception 'CDbException' with message 'The table "shop_products" for active record class "Products" cannot be found in the database.' in D:\Projects\HoaNguyen\freelance\demo\yii\framework\db\ar\CActiveRecord.php:2387
Stack trace:
#0 D:\Projects\HoaNguyen\freelance\demo\yii\framework\db\ar\CActiveRecord.php(411): CActiveRecordMetaData->__construct(Object(Products))
#1 D:\Projects\HoaNguyen\freelance\demo\yii\framework\db\ar\CActiveRecord.php(661): CActiveRecord->getMetaData()
#2 D:\Projects\HoaNguyen\freelance\demo\yii\framework\db\ar\CActiveRecord.php(1606): CActiveRecord->getTableSchema()
#3 D:\Projects\HoaNguyen\freelance\demo\yii\framework\web\CActiveDataProvider.php(228): CActiveRecord->count(Object(CDbCriteria))
#4 D:\Projects\HoaNguyen\freelance\demo\yii\framework\web\CDataProvider.php(224): CActiveDataProvider->calculateTotalItemCount()
#5 D:\Projects\HoaNguyen\freelance\demo\yii\framework\web\CActiveDataProvider.php(178): CDataProvider->getTotalItemCount()
#6 D:\Projects\HoaNguyen\freelance\demo\yii\framework\web\CDataProvider.php(168): CActiveDataProvider->fetchData()
#7 D:\Projects\HoaNguyen\freelance\demo\yii\framework\zii\widgets\CBaseListView.php(125): CDataProvider->getData()
#8 D:\Projects\HoaNguyen\freelance\demo\yii\framework\zii\widgets\CListView.php(211): CBaseListView->init()
#9 D:\Projects\HoaNguyen\freelance\demo\yii\framework\web\CBaseController.php(147): CListView->init()
#10 D:\Projects\HoaNguyen\freelance\demo\yii\framework\web\CBaseController.php(180): CBaseController->createWidget('zii.widgets.CLi...', Array)
#11 D:\Projects\HoaNguyen\freelance\demo\demo-shop\protected\modules\shop\views\products\index.php(13): CBaseController->widget('zii.widgets.CLi...', Array)
#12 D:\Projects\HoaNguyen\freelance\demo\yii\framework\web\CBaseController.php(126): require('D:\\Projects\\Hoa...')
#13 D:\Projects\HoaNguyen\freelance\demo\yii\framework\web\CBaseController.php(95): CBaseController->renderInternal('D:\\Projects\\Hoa...', Array, true)
#14 D:\Projects\HoaNguyen\freelance\demo\yii\framework\web\CController.php(869): CBaseController->renderFile('D:\\Projects\\Hoa...', Array, true)
#15 D:\Projects\HoaNguyen\freelance\demo\yii\framework\web\CController.php(782): CController->renderPartial('index', Array, true)
#16 D:\Projects\HoaNguyen\freelance\demo\demo-shop\protected\modules\shop\controllers\ProductsController.php(119): CController->render('index', Array)
#17 D:\Projects\HoaNguyen\freelance\demo\yii\framework\web\actions\CInlineAction.php(49): ProductsController->actionIndex()
#18 D:\Projects\HoaNguyen\freelance\demo\yii\framework\web\CController.php(308): CInlineAction->runWithParams(Array)
#19 D:\Projects\HoaNguyen\freelance\demo\yii\framework\web\filters\CFilterChain.php(133): CController->runAction(Object(CInlineAction))
#20 D:\Projects\HoaNguyen\freelance\demo\yii\framework\web\filters\CFilter.php(40): CFilterChain->run()
#21 D:\Projects\HoaNguyen\freelance\demo\yii\framework\web\CController.php(1145): CFilter->filter(Object(CFilterChain))
#22 D:\Projects\HoaNguyen\freelance\demo\yii\framework\web\filters\CInlineFilter.php(58): CController->filterAccessControl(Object(CFilterChain))
#23 D:\Projects\HoaNguyen\freelance\demo\yii\framework\web\filters\CFilterChain.php(130): CInlineFilter->filter(Object(CFilterChain))
#24 D:\Projects\HoaNguyen\freelance\demo\yii\framework\web\CController.php(291): CFilterChain->run()
#25 D:\Projects\HoaNguyen\freelance\demo\yii\framework\web\CController.php(265): CController->runActionWithFilters(Object(CInlineAction), Array)
#26 D:\Projects\HoaNguyen\freelance\demo\yii\framework\web\CWebApplication.php(282): CController->run('index')
#27 D:\Projects\HoaNguyen\freelance\demo\yii\framework\web\CWebApplication.php(141): CWebApplication->runController('')
#28 D:\Projects\HoaNguyen\freelance\demo\yii\framework\base\CApplication.php(185): CWebApplication->processRequest()
#29 D:\Projects\HoaNguyen\freelance\demo\demo-shop\index.php(13): CApplication->run()
#30 {main}
REQUEST_URI=/
---
2016/08/30 11:15:58 [error] [php] include(Categories.php): failed to open stream: No such file or directory (D:\Projects\HoaNguyen\freelance\demo\yii\framework\YiiBase.php:432)
Stack trace:
#0 D:\Projects\HoaNguyen\freelance\demo\demo-shop\protected\modules\shop\views\layouts\minhtu-v1.php(103): spl_autoload_call()
#1 D:\Projects\HoaNguyen\freelance\demo\yii\framework\web\CBaseController.php(126): require()
#2 D:\Projects\HoaNguyen\freelance\demo\yii\framework\web\CBaseController.php(95): ProductsController->renderInternal()
#3 D:\Projects\HoaNguyen\freelance\demo\yii\framework\web\CController.php(784): ProductsController->renderFile()
#4 D:\Projects\HoaNguyen\freelance\demo\demo-shop\protected\modules\shop\controllers\ProductsController.php(119): ProductsController->render()
#5 D:\Projects\HoaNguyen\freelance\demo\yii\framework\web\actions\CInlineAction.php(49): ProductsController->actionIndex()
#6 D:\Projects\HoaNguyen\freelance\demo\yii\framework\web\CController.php(308): CInlineAction->runWithParams()
#7 D:\Projects\HoaNguyen\freelance\demo\yii\framework\web\filters\CFilterChain.php(133): ProductsController->runAction()
#8 D:\Projects\HoaNguyen\freelance\demo\yii\framework\web\filters\CFilter.php(40): CFilterChain->run()
#9 D:\Projects\HoaNguyen\freelance\demo\yii\framework\web\CController.php(1145): CAccessControlFilter->filter()
#10 D:\Projects\HoaNguyen\freelance\demo\yii\framework\web\filters\CInlineFilter.php(58): ProductsController->filterAccessControl()
#11 D:\Projects\HoaNguyen\freelance\demo\yii\framework\web\filters\CFilterChain.php(130): CInlineFilter->filter()
#12 D:\Projects\HoaNguyen\freelance\demo\yii\framework\web\CController.php(291): CFilterChain->run()
#13 D:\Projects\HoaNguyen\freelance\demo\yii\framework\web\CController.php(265): ProductsController->runActionWithFilters()
#14 D:\Projects\HoaNguyen\freelance\demo\yii\framework\web\CWebApplication.php(282): ProductsController->run()
#15 D:\Projects\HoaNguyen\freelance\demo\yii\framework\web\CWebApplication.php(141): CWebApplication->runController()
#16 D:\Projects\HoaNguyen\freelance\demo\yii\framework\base\CApplication.php(185): CWebApplication->processRequest()
#17 D:\Projects\HoaNguyen\freelance\demo\demo-shop\index.php(13): CWebApplication->run()
REQUEST_URI=/
in D:\Projects\HoaNguyen\freelance\demo\demo-shop\protected\modules\shop\views\layouts\minhtu-v1.php (103)
in D:\Projects\HoaNguyen\freelance\demo\demo-shop\protected\modules\shop\controllers\ProductsController.php (119)
in D:\Projects\HoaNguyen\freelance\demo\demo-shop\index.php (13)
2016/08/30 11:16:20 [error] [exception.CDbException] exception 'CDbException' with message 'Relation "books" is not defined in active record class "Category".' in D:\Projects\HoaNguyen\freelance\demo\yii\framework\db\ar\CActiveFinder.php:226
Stack trace:
#0 D:\Projects\HoaNguyen\freelance\demo\yii\framework\db\ar\CActiveFinder.php(299): CActiveFinder->buildJoinTree(Object(CJoinElement), 'books')
#1 D:\Projects\HoaNguyen\freelance\demo\yii\framework\db\ar\CActiveFinder.php(48): CActiveFinder->buildJoinTree(Object(CJoinElement), Array)
#2 D:\Projects\HoaNguyen\freelance\demo\yii\framework\db\ar\CActiveRecord.php(912): CActiveFinder->__construct(Object(Category), Array)
#3 D:\Projects\HoaNguyen\freelance\demo\yii\framework\db\ar\CActiveRecord.php(1360): CActiveRecord->getActiveFinder(Array)
#4 D:\Projects\HoaNguyen\freelance\demo\yii\framework\db\ar\CActiveRecord.php(1475): CActiveRecord->query(Object(CDbCriteria), true)
#5 D:\Projects\HoaNguyen\freelance\demo\demo-shop\protected\modules\shop\views\layouts\minhtu-v1.php(103): CActiveRecord->findAll()
#6 D:\Projects\HoaNguyen\freelance\demo\yii\framework\web\CBaseController.php(126): require('D:\\Projects\\Hoa...')
#7 D:\Projects\HoaNguyen\freelance\demo\yii\framework\web\CBaseController.php(95): CBaseController->renderInternal('D:\\Projects\\Hoa...', Array, true)
#8 D:\Projects\HoaNguyen\freelance\demo\yii\framework\web\CController.php(784): CBaseController->renderFile('D:\\Projects\\Hoa...', Array, true)
#9 D:\Projects\HoaNguyen\freelance\demo\demo-shop\protected\modules\shop\controllers\ProductsController.php(119): CController->render('index', Array)
#10 D:\Projects\HoaNguyen\freelance\demo\yii\framework\web\actions\CInlineAction.php(49): ProductsController->actionIndex()
#11 D:\Projects\HoaNguyen\freelance\demo\yii\framework\web\CController.php(308): CInlineAction->runWithParams(Array)
#12 D:\Projects\HoaNguyen\freelance\demo\yii\framework\web\filters\CFilterChain.php(133): CController->runAction(Object(CInlineAction))
#13 D:\Projects\HoaNguyen\freelance\demo\yii\framework\web\filters\CFilter.php(40): CFilterChain->run()
#14 D:\Projects\HoaNguyen\freelance\demo\yii\framework\web\CController.php(1145): CFilter->filter(Object(CFilterChain))
#15 D:\Projects\HoaNguyen\freelance\demo\yii\framework\web\filters\CInlineFilter.php(58): CController->filterAccessControl(Object(CFilterChain))
#16 D:\Projects\HoaNguyen\freelance\demo\yii\framework\web\filters\CFilterChain.php(130): CInlineFilter->filter(Object(CFilterChain))
#17 D:\Projects\HoaNguyen\freelance\demo\yii\framework\web\CController.php(291): CFilterChain->run()
#18 D:\Projects\HoaNguyen\freelance\demo\yii\framework\web\CController.php(265): CController->runActionWithFilters(Object(CInlineAction), Array)
#19 D:\Projects\HoaNguyen\freelance\demo\yii\framework\web\CWebApplication.php(282): CController->run('index')
#20 D:\Projects\HoaNguyen\freelance\demo\yii\framework\web\CWebApplication.php(141): CWebApplication->runController('')
#21 D:\Projects\HoaNguyen\freelance\demo\yii\framework\base\CApplication.php(185): CWebApplication->processRequest()
#22 D:\Projects\HoaNguyen\freelance\demo\demo-shop\index.php(13): CApplication->run()
#23 {main}
REQUEST_URI=/
---
2016/08/30 11:41:32 [error] [php] Undefined index: items (D:\Projects\HoaNguyen\freelance\demo\demo-shop\protected\modules\shop\views\category\index.php:12)
Stack trace:
#0 D:\Projects\HoaNguyen\freelance\demo\yii\framework\web\widgets\CWidget.php(244): ProductCategoriesWidget->renderFile()
#1 D:\Projects\HoaNguyen\freelance\demo\demo-shop\protected\modules\shop\components\ProductCategoriesWidget.php(12): ProductCategoriesWidget->render()
#2 D:\Projects\HoaNguyen\freelance\demo\yii\framework\web\CBaseController.php(181): ProductCategoriesWidget->run()
#3 D:\Projects\HoaNguyen\freelance\demo\demo-shop\protected\modules\shop\views\layouts\minhtu-v1.php(249): CategoryController->widget()
#4 D:\Projects\HoaNguyen\freelance\demo\yii\framework\web\CBaseController.php(126): require()
#5 D:\Projects\HoaNguyen\freelance\demo\yii\framework\web\CBaseController.php(95): CategoryController->renderInternal()
#6 D:\Projects\HoaNguyen\freelance\demo\yii\framework\web\CController.php(784): CategoryController->renderFile()
#7 D:\Projects\HoaNguyen\freelance\demo\demo-shop\protected\modules\shop\controllers\CategoryController.php(16): CategoryController->render()
#8 D:\Projects\HoaNguyen\freelance\demo\yii\framework\web\actions\CInlineAction.php(49): CategoryController->actionView()
#9 D:\Projects\HoaNguyen\freelance\demo\yii\framework\web\CController.php(308): CInlineAction->runWithParams()
#10 D:\Projects\HoaNguyen\freelance\demo\yii\framework\web\CController.php(286): CategoryController->runAction()
#11 D:\Projects\HoaNguyen\freelance\demo\yii\framework\web\CController.php(265): CategoryController->runActionWithFilters()
#12 D:\Projects\HoaNguyen\freelance\demo\yii\framework\web\CWebApplication.php(282): CategoryController->run()
#13 D:\Projects\HoaNguyen\freelance\demo\yii\framework\web\CWebApplication.php(141): CWebApplication->runController()
#14 D:\Projects\HoaNguyen\freelance\demo\yii\framework\base\CApplication.php(185): CWebApplication->processRequest()
#15 D:\Projects\HoaNguyen\freelance\demo\demo-shop\index.php(13): CWebApplication->run()
REQUEST_URI=/index.php?r=shop/category/view&id=1
in D:\Projects\HoaNguyen\freelance\demo\demo-shop\protected\modules\shop\views\category\index.php (12)
in D:\Projects\HoaNguyen\freelance\demo\demo-shop\protected\modules\shop\components\ProductCategoriesWidget.php (12)
in D:\Projects\HoaNguyen\freelance\demo\demo-shop\protected\modules\shop\views\layouts\minhtu-v1.php (249)
2016/08/30 12:50:12 [error] [exception.CHttpException.404] exception 'CHttpException' with message 'The requested page does not exist.' in D:\Projects\HoaNguyen\freelance\demo\demo-shop\protected\modules\shop\controllers\CategoryController.php:110
Stack trace:
#0 D:\Projects\HoaNguyen\freelance\demo\demo-shop\protected\modules\shop\controllers\CategoryController.php(15): CategoryController->loadModel()
#1 D:\Projects\HoaNguyen\freelance\demo\yii\framework\web\actions\CInlineAction.php(49): CategoryController->actionView()
#2 D:\Projects\HoaNguyen\freelance\demo\yii\framework\web\CController.php(308): CInlineAction->runWithParams(Array)
#3 D:\Projects\HoaNguyen\freelance\demo\yii\framework\web\CController.php(286): CController->runAction(Object(CInlineAction))
#4 D:\Projects\HoaNguyen\freelance\demo\yii\framework\web\CController.php(265): CController->runActionWithFilters(Object(CInlineAction), Array)
#5 D:\Projects\HoaNguyen\freelance\demo\yii\framework\web\CWebApplication.php(282): CController->run('view')
#6 D:\Projects\HoaNguyen\freelance\demo\yii\framework\web\CWebApplication.php(141): CWebApplication->runController('shop/category/v...')
#7 D:\Projects\HoaNguyen\freelance\demo\yii\framework\base\CApplication.php(185): CWebApplication->processRequest()
#8 D:\Projects\HoaNguyen\freelance\demo\demo-shop\index.php(13): CApplication->run()
#9 {main}
REQUEST_URI=/index.php/shop/category/view/id/assets/images/banners/3.jpg
HTTP_REFERER=http://demo-shop.local.com/index.php/shop/category/view/id/2
---
2016/08/30 12:50:27 [error] [exception.CHttpException.404] exception 'CHttpException' with message 'The requested page does not exist.' in D:\Projects\HoaNguyen\freelance\demo\demo-shop\protected\modules\shop\controllers\CategoryController.php:110
Stack trace:
#0 D:\Projects\HoaNguyen\freelance\demo\demo-shop\protected\modules\shop\controllers\CategoryController.php(15): CategoryController->loadModel()
#1 D:\Projects\HoaNguyen\freelance\demo\yii\framework\web\actions\CInlineAction.php(49): CategoryController->actionView()
#2 D:\Projects\HoaNguyen\freelance\demo\yii\framework\web\CController.php(308): CInlineAction->runWithParams(Array)
#3 D:\Projects\HoaNguyen\freelance\demo\yii\framework\web\CController.php(286): CController->runAction(Object(CInlineAction))
#4 D:\Projects\HoaNguyen\freelance\demo\yii\framework\web\CController.php(265): CController->runActionWithFilters(Object(CInlineAction), Array)
#5 D:\Projects\HoaNguyen\freelance\demo\yii\framework\web\CWebApplication.php(282): CController->run('view')
#6 D:\Projects\HoaNguyen\freelance\demo\yii\framework\web\CWebApplication.php(141): CWebApplication->runController('shop/category/v...')
#7 D:\Projects\HoaNguyen\freelance\demo\yii\framework\base\CApplication.php(185): CWebApplication->processRequest()
#8 D:\Projects\HoaNguyen\freelance\demo\demo-shop\index.php(13): CApplication->run()
#9 {main}
REQUEST_URI=/index.php/shop/category/view/id/assets/images/banners/3.jpg
HTTP_REFERER=http://demo-shop.local.com/index.php/shop/category/view/id/3
---
2016/08/30 12:51:21 [error] [exception.CHttpException.404] exception 'CHttpException' with message 'The requested page does not exist.' in D:\Projects\HoaNguyen\freelance\demo\demo-shop\protected\modules\shop\controllers\CategoryController.php:110
Stack trace:
#0 D:\Projects\HoaNguyen\freelance\demo\demo-shop\protected\modules\shop\controllers\CategoryController.php(15): CategoryController->loadModel()
#1 D:\Projects\HoaNguyen\freelance\demo\yii\framework\web\actions\CInlineAction.php(49): CategoryController->actionView()
#2 D:\Projects\HoaNguyen\freelance\demo\yii\framework\web\CController.php(308): CInlineAction->runWithParams(Array)
#3 D:\Projects\HoaNguyen\freelance\demo\yii\framework\web\CController.php(286): CController->runAction(Object(CInlineAction))
#4 D:\Projects\HoaNguyen\freelance\demo\yii\framework\web\CController.php(265): CController->runActionWithFilters(Object(CInlineAction), Array)
#5 D:\Projects\HoaNguyen\freelance\demo\yii\framework\web\CWebApplication.php(282): CController->run('view')
#6 D:\Projects\HoaNguyen\freelance\demo\yii\framework\web\CWebApplication.php(141): CWebApplication->runController('shop/category/v...')
#7 D:\Projects\HoaNguyen\freelance\demo\yii\framework\base\CApplication.php(185): CWebApplication->processRequest()
#8 D:\Projects\HoaNguyen\freelance\demo\demo-shop\index.php(13): CApplication->run()
#9 {main}
REQUEST_URI=/index.php/shop/category/view/id/assets/images/banners/3.jpg
HTTP_REFERER=http://demo-shop.local.com/index.php/shop/category/view/id/3
---
